Model successfully read and processed
Meshing constraints read successfully.
(0) Surface Meshing started
(1) Small Feature Detection started
25% completed
50% completed
75% completed
(2) Detect Close Edges started
25% completed
50% completed
75% completed
100% completed
(2) Detect Close Edges finished: CPU time: 0.09375 s, clock time: 0.096 s
100% completed
(1) Small Feature Detection finished: CPU time: 0.109375 s, clock time: 0.099 s
(1) Structured Meshing started
Number of 3D Boundary Layers identified: 9
(1) Structured Meshing finished: CPU time: 0 s, clock time: 0.001 s
(1) Structured Meshing started
Lateral meshing
(1) Structured Meshing finished: CPU time: 0 s, clock time: 0 s
(1) Face Meshing started
(1) Face Meshing 1/22
tag = 1, type = Plane -> CFdesign ID = 1
(1) Face Meshing 2/22
tag = 2, type = Plane -> CFdesign ID = 2
(1) Face Meshing 3/22
tag = 3, type = Unknown -> CFdesign ID = 3
(1) Face Meshing 4/22
tag = 4, type = Plane -> CFdesign ID = 4
(1) Face Meshing 5/22
tag = 5, type = Plane -> CFdesign ID = 5
(1) Face Meshing 6/22
tag = 6, type = Plane -> CFdesign ID = 6
(1) Face Meshing 7/22
tag = 7, type = Unknown -> CFdesign ID = 7
(1) Face Meshing 8/22
tag = 8, type = Plane -> CFdesign ID = 8
(1) Face Meshing 9/22
tag = 9, type = Plane -> CFdesign ID = 9
(1) Face Meshing 10/22
tag = 10, type = Plane -> CFdesign ID = 10
(1) Face Meshing 11/22
tag = 11, type = Unknown -> CFdesign ID = 11
(1) Face Meshing 12/22
tag = 12, type = Plane -> CFdesign ID = 12
(1) Face Meshing 13/22
tag = 13, type = Plane -> CFdesign ID = 13
(1) Face Meshing 14/22
tag = 14, type = Unknown -> CFdesign ID = 14
(1) Face Meshing 15/22
tag = 15, type = Plane -> CFdesign ID = 15
(1) Face Meshing 16/22
tag = 16, type = Plane -> CFdesign ID = 16
(1) Face Meshing 17/22
tag = 17, type = Plane -> CFdesign ID = 17
(1) Face Meshing 18/22
tag = 18, type = Plane -> CFdesign ID = 18
(1) Face Meshing 19/22
tag = 19, type = Unknown -> CFdesign ID = 19
(1) Face Meshing 20/22
tag = 20, type = Plane -> CFdesign ID = 20
(1) Face Meshing 21/22
tag = 21, type = Plane -> CFdesign ID = 21
(1) Face Meshing 22/22
tag = 22, type = Plane -> CFdesign ID = 22
(1) Face Meshing finished: CPU time: 0.21875 s, clock time: 0.214 s
(1) Structured Meshing started
(1) Structured Meshing finished: CPU time: 0 s, clock time: 0.001 s
(1) Surface Mesh Improver started
(2) Surface Mesh Improvement started
25% completed
(2) Surface Mesh Improvement finished: CPU time: 0 s, clock time: 0.007 s
(2) Surface Smoothing started
25% completed
50% completed
75% completed
(2) Surface Smoothing finished: CPU time: 0.03125 s, clock time: 0.026 s
(2) Fix Surface Intersections started
(2) Fix Surface Intersections finished: CPU time: 0.046875 s, clock time: 0.048 s
(1) Surface Mesh Improver finished: CPU time: 0.078125 s, clock time: 0.082 s
(0) Surface Meshing finished: CPU time: 0.40625 s, clock time: 0.403 s
  Nodal Aspect Ratio Summary
Surface 1: 6.42403
Surface 2: 5.43201
Surface 3: 2.08326
Surface 4: 5.02801
Surface 5: 6.42403
Surface 6: 4.92317
Surface 7: 2.46605
Surface 8: 2.87067
Surface 9: 2.48248
Surface 10: 4.95043
Surface 11: 2.91705
Surface 12: 4.60646
Surface 13: 3.94673
Surface 14: 2.94132
Surface 15: 3.83422
Surface 16: 2.93647
Surface 17: 2.73254
Surface 18: 2.94132
Surface 19: 2.20007
Surface 20: 2.10562
Surface 21: 2.93647
Surface 22: 6.42403
Maximum nodal aspect ratio: 6.42403
(0) Volume Meshing started
(1) Structured Meshing started
Number of 3D Boundary Layers identified: 9
Number of BL regions estimated = 5223
Boundary Layer meshing
Finding growth curves...
Checking boundary growth curves...
Checking intersecting layers...
Edge triangulation
Face triangulation
(2) Adapting Mesh started
Iteration 1: Normalized edge length range: 1.96199 .. 0.224479
Iteration 2: Normalized edge length range: 1.46983 .. 0.224479
Final normalized edge length range: 1.44832 .. 0.224479
(2) Adapting Mesh finished: CPU time: 0 s, clock time: 0.008 s
(2) Fix Surface Intersections started
(2) Fix Surface Intersections finished: CPU time: 0.046875 s, clock time: 0.041 s
Region triangulation
Number of BL regions created = 5223
(1) Structured Meshing finished: CPU time: 0.171875 s, clock time: 0.179 s
(1) Creating volume mesh started
(1) Creating volume mesh finished: CPU time: 0.59375 s, clock time: 0.592 s
(1) Adapting Mesh started
Iteration 1: Normalized edge length range: 2.86135 .. 0.226227
Iteration 2: Normalized edge length range: 2.14147 .. 0.226227
Iteration 3: Normalized edge length range: 1.60603 .. 0.226227
Final normalized edge length range: 1.44968 .. 0.214295
(1) Adapting Mesh finished: CPU time: 0.28125 s, clock time: 0.274 s
(1) Volume Mesh Improver started
(2) Volume Optimization started
(2) Volume Optimization finished: CPU time: 0.125 s, clock time: 0.121 s
(2) Volume Smoothing started
25% completed
50% completed
75% completed
(2) Volume Smoothing finished: CPU time: 0.140625 s, clock time: 0.146 s
(1) Volume Mesh Improver finished: CPU time: 0.265625 s, clock time: 0.274 s
(0) Volume Meshing finished: CPU time: 1.3125 s, clock time: 1.323 s
Volume meshing peak memory usage is 70.2464 MBytes.
Mesh Statistics
Node count: 6307
Element count: 22615
Minimum element volume: 0.000104331
Maximum element volume: 8.97107
Total model volume: 1860.9
  Nodal Aspect Ratio Summary
Surface 1: 130.982
Surface 2: 126.279
Surface 3: 103.22
Surface 4: 5.57767
Surface 5: 115.404
Surface 6: 4.85906
Surface 7: 4.20519
Surface 8: 68.7657
Surface 9: 3.30452
Surface 10: 145.221
Surface 11: 143.779
Surface 12: 142.161
Surface 13: 4.37843
Surface 14: 5.57767
Surface 15: 4.63617
Surface 16: 56.3748
Surface 17: 57.3176
Surface 18: 27.6519
Surface 19: 27.6519
Surface 20: 27.6519
Surface 21: 56.3816
Surface 22: 115.404
Maximum nodal aspect ratio: 145.221
Meshing concluded.
setUpwardAdjacencies = 0.04 sec
interpolateExtrudedFaces = 0.00 sec
interpolatePeriodicFaces = 0.00 sec
addPeripheralFaces = 0.00 sec
replicateMovingRegions = 0.00 sec
splitFluidSolidInterfaces = 0.00 sec
removeUnreferencedVertices = 0.00 sec
Time to write model = 0.01 sec
Time to write mesh = 0.02 sec
Time to write GBI = 0.14 sec
Time to free model entity memory = 0.00 sec
Time to delete database = 0.01 sec
