[21:19:42] Cannot find a flags file
[21:19:42] Loading qm files
[21:19:42] System language is English
[21:19:42] Completed pre-event loop tasks in 0.295 sec
[21:19:42] Start processing tasks
[21:19:42] Starting task: Clt::InitializationTasks::initializeMainWindowUI
[21:19:42] Creating main view...
[21:19:42] Creating actions...
[21:19:42] Creating quick widgets...
[21:19:43] Creating panel...
[21:19:43] Creating status bar...
[21:19:43] Creating tool bar...
[21:19:43] Initializing menu...
[21:19:43] Task finished in 0.273 sec
[21:19:43] Starting task: Clt::InitializationTasks::initializeApplicationFrame
[21:19:43] Task finished in 0.751 sec
[21:19:43] Starting task: Clt::InitializationTasks::initializeWebServices
[21:19:45] Task finished in 1.155 sec
[21:19:45] Starting task: Clt::InitializationTasks::initializeAirLook
[21:19:46] Task finished in 1.557 sec
[21:19:46] Starting task: Clt::InitializationTasks::initializeServerGroup
[21:19:46] Task finished in 0.003 sec
[21:19:46] Starting task: Clt::InitializationTasks::initializeHelpManager
[21:19:46] Task finished in 0.006 sec
[21:19:46] Starting task: Clt::InitializationTasks::setMainWindowUIState
[21:19:47] Task finished in 0.176 sec
[21:19:47] Starting task: Clt::InitializationTasks::assignShortcuts
[21:19:47] Task finished in 0 sec
[21:19:47] Starting task: Clt::InitializationTasks::initializeScriptJobEvents
[21:19:47] Task finished in 0.001 sec
[21:19:47] Starting task: Clt::InitializationTasks::initializeGAT
[21:19:47] Task finished in 0 sec
[21:19:47] Starting task: Clt::InitializationTasks::createGeoMeshMessageHandler
[21:19:47] Task finished in 0.012 sec
[21:19:47] Starting task: Clt::InitializationTasks::initializeLicensing
[21:19:47] Creating license manager...
[21:19:47] Initializing license manager...
[21:19:47] Checking out UI license...
[21:19:47] Authorizing CFD UI...
[21:19:48] Checking out Motion license...
[21:19:48] Authorizing CFD Motion...
[21:19:49] Releasing CFD Motion...
[21:19:49] License path is
[21:19:49] Task finished in 2.854 sec
[21:19:50] Starting task: Clt::InitializationTasks::checkForLicensingError
[21:19:50] Task finished in 0 sec
[21:19:50] Starting task: Clt::InitializationTasks::showMainWindow
[21:19:50] Loading layout...
[21:19:50] Task finished in 0.171 sec
[21:19:50] Starting task: Clt::InitializationTasks::readyForLicensingUI
[21:19:50] Task finished in 0.072 sec
[21:19:50] Starting task: Clt::InitializationTasks::hideSplashScreen
[21:19:50] Task finished in 0.001 sec
[21:19:50] Starting task: Clt::InitializationTasks::initializeCustomResults
[21:19:50] Task finished in 0 sec
[21:19:50] Starting task: Clt::InitializationTasks::handleExternalLaunchFromCAD
[21:19:50] Task finished in 0 sec
[21:19:50] Starting task: Clt::InitializationTasks::initializePythonHooks
[21:19:50] Loading CFD resource file...
[21:19:50] Task finished in 0.387 sec
[21:19:50] Starting task: Clt::InitializationTasks::runScript
[21:19:50] Task finished in 0 sec
[21:19:50] Finished processing tasks in 8.176 sec
[21:20:07] External fragmentation is 0
[21:20:07] Internal fragmentation is 0.0461812
[21:20:07] External fragmentation is 0
[21:20:07] Internal fragmentation is 0.253656
[21:20:08] External fragmentation is 0.0796296
[21:20:08] Internal fragmentation is 0.0527471
[21:20:08] CFD Motion is not authorized, nothing to release
[21:20:08] CADModel::loadGeometryDatabase = 0.018 sec
[21:20:08] VizDataInterface::getBoundaryFEData = 0.003 sec
[21:20:08] VizDataInterface::setupWallOutlineData = 0 sec
[21:50:50] CFD Motion is not authorized, nothing to release
[21:53:56] ### Critical: source\clt_job_submitter.cpp 818
The Scenario cannot run because a part has an unassigned material setting
[21:54:23] Analysis::writeGBIFile = 0 sec
[21:54:23] Analysis::exportJobFiles = 0.006 sec
[21:54:23] NewRectTube/Design 1_1/Scenario 1 job started at Sat 1. Dec 21:54:23 2018 on DESKTOP-7GSFCRT
[21:54:24] NewRectTube/Design 1_1/Scenario 1 mesher started at Sat 1. Dec 21:54:23 2018 on DESKTOP-7GSFCRT
[21:54:26] NewRectTube/Design 1_1/Scenario 1 mesher finished at Sat 1. Dec 21:54:26 2018 on DESKTOP-7GSFCRT with code = 0
[21:54:26] Analysis::importMesherFiles = 0.002 sec
[21:54:26] CADModel::loadGeometryDatabase = 0.068 sec
[21:54:26] Mesher finished copying files
[21:54:26] NewRectTube/Design 1_1/Scenario 1 solver started at Sat 1. Dec 21:54:26 2018 on DESKTOP-7GSFCRT
[21:54:29] getJobUpdate start
[21:54:29] VizDataInterface::getBoundaryFEData = 0.016 sec
[21:54:29] VizDataInterface::setupWallOutlineData = 0.002 sec
[21:54:29] VizDataInterface::getBoundaryFEData = 0.013 sec
[21:54:29] VizDataInterface::setupWallOutlineData = 0.003 sec
[21:54:29] getJobUpdate finished
[21:54:29] getJobUpdate start
[21:54:29] getJobUpdate finished
[21:54:29] getJobUpdate start
[21:54:29] getJobUpdate finished
[21:54:30] getJobUpdate start
[21:54:30] getJobUpdate finished
[21:54:30] getJobUpdate start
[21:54:30] getJobUpdate finished
[21:54:30] getJobUpdate start
[21:54:30] getJobUpdate finished
[21:54:30] getJobUpdate start
[21:54:30] getJobUpdate finished
[21:54:30] getJobUpdate start
[21:54:31] getJobUpdate finished
[21:54:31] getJobUpdate start
[21:54:31] getJobUpdate finished
[21:54:31] getJobUpdate start
[21:54:31] getJobUpdate finished
[21:54:31] getJobUpdate start
[21:54:31] getJobUpdate finished
[21:54:32] getJobUpdate start
[21:54:32] getJobUpdate finished
[21:54:32] getJobUpdate start
[21:54:32] getJobUpdate finished
[21:54:32] getJobUpdate start
[21:54:32] getJobUpdate finished
[21:54:33] getJobUpdate start
[21:54:33] getJobUpdate finished
[21:54:33] getJobUpdate start
[21:54:33] getJobUpdate finished
[21:54:33] getJobUpdate start
[21:54:33] getJobUpdate finished
[21:54:34] getJobUpdate start
[21:54:34] getJobUpdate finished
[21:54:34] getJobUpdate start
[21:54:34] getJobUpdate finished
[21:54:34] getJobUpdate start
[21:54:34] getJobUpdate finished
[21:54:34] getJobUpdate start
[21:54:34] getJobUpdate finished
[21:54:35] getJobUpdate start
[21:54:35] getJobUpdate finished
[21:54:35] getJobUpdate start
[21:54:35] getJobUpdate finished
[21:54:35] getJobUpdate start
[21:54:36] getJobUpdate finished
[21:54:36] getJobUpdate start
[21:54:36] getJobUpdate finished
[21:54:36] getJobUpdate start
[21:54:36] getJobUpdate finished
[21:54:36] getJobUpdate start
[21:54:36] getJobUpdate finished
[21:54:37] getJobUpdate start
[21:54:37] getJobUpdate finished
[21:54:37] getJobUpdate start
[21:54:37] getJobUpdate finished
[21:54:37] getJobUpdate start
[21:54:37] getJobUpdate finished
[21:54:38] getJobUpdate start
[21:54:38] getJobUpdate finished
[21:54:38] getJobUpdate start
[21:54:38] getJobUpdate finished
[21:54:38] getJobUpdate start
[21:54:38] getJobUpdate finished
[21:54:39] getJobUpdate start
[21:54:39] getJobUpdate finished
[21:54:39] getJobUpdate start
[21:54:39] getJobUpdate finished
[21:54:39] getJobUpdate start
[21:54:39] getJobUpdate finished
[21:54:40] getJobUpdate start
[21:54:40] getJobUpdate finished
[21:54:40] getJobUpdate start
[21:54:40] getJobUpdate finished
[21:54:40] getJobUpdate start
[21:54:40] getJobUpdate finished
[21:54:41] getJobUpdate start
[21:54:41] getJobUpdate finished
[21:54:41] getJobUpdate start
[21:54:41] getJobUpdate finished
[21:54:41] getJobUpdate start
[21:54:41] getJobUpdate finished
[21:54:41] getJobUpdate start
[21:54:41] getJobUpdate finished
[21:54:42] getJobUpdate start
[21:54:42] getJobUpdate finished
[21:54:42] getJobUpdate start
[21:54:42] getJobUpdate finished
[21:54:42] getJobUpdate start
[21:54:42] getJobUpdate finished
[21:54:43] getJobUpdate start
[21:54:43] getJobUpdate finished
[21:54:43] getJobUpdate start
[21:54:43] getJobUpdate finished
[21:54:43] getJobUpdate start
[21:54:43] getJobUpdate finished
[21:54:44] getJobUpdate start
[21:54:44] getJobUpdate finished
[21:54:44] getJobUpdate start
[21:54:44] getJobUpdate finished
[21:54:44] getJobUpdate start
[21:54:44] getJobUpdate finished
[21:54:45] getJobUpdate start
[21:54:45] getJobUpdate finished
[21:54:45] getJobUpdate start
[21:54:45] getJobUpdate finished
[21:54:45] getJobUpdate start
[21:54:45] getJobUpdate finished
[21:54:46] getJobUpdate start
[21:54:46] getJobUpdate finished
[21:54:46] getJobUpdate start
[21:54:46] getJobUpdate finished
[21:54:46] getJobUpdate start
[21:54:46] getJobUpdate finished
[21:54:47] getJobUpdate start
[21:54:47] getJobUpdate finished
[21:54:47] getJobUpdate start
[21:54:47] getJobUpdate finished
[21:54:47] getJobUpdate start
[21:54:47] getJobUpdate finished
[21:54:48] getJobUpdate start
[21:54:48] getJobUpdate finished
[21:54:48] getJobUpdate start
[21:54:48] getJobUpdate finished
[21:54:48] getJobUpdate start
[21:54:48] getJobUpdate finished
[21:54:48] getJobUpdate start
[21:54:49] getJobUpdate finished
[21:54:49] getJobUpdate start
[21:54:49] getJobUpdate finished
[21:54:49] getJobUpdate start
[21:54:49] getJobUpdate finished
[21:54:49] getJobUpdate start
[21:54:49] getJobUpdate finished
[21:54:50] getJobUpdate start
[21:54:50] getJobUpdate finished
[21:54:50] getJobUpdate start
[21:54:50] getJobUpdate finished
[21:54:50] getJobUpdate start
[21:54:50] getJobUpdate finished
[21:54:51] getJobUpdate start
[21:54:51] getJobUpdate finished
[21:54:51] getJobUpdate start
[21:54:51] getJobUpdate finished
[21:54:51] getJobUpdate start
[21:54:51] getJobUpdate finished
[21:54:52] getJobUpdate start
[21:54:52] getJobUpdate finished
[21:54:52] getJobUpdate start
[21:54:52] getJobUpdate finished
[21:54:52] getJobUpdate start
[21:54:52] getJobUpdate finished
[21:54:53] getJobUpdate start
[21:54:53] getJobUpdate finished
[21:54:53] getJobUpdate start
[21:54:53] getJobUpdate finished
[21:54:53] getJobUpdate start
[21:54:53] getJobUpdate finished
[21:54:54] getJobUpdate start
[21:54:54] getJobUpdate finished
[21:54:54] getJobUpdate start
[21:54:54] getJobUpdate finished
[21:54:54] getJobUpdate start
[21:54:54] getJobUpdate finished
[21:54:55] getJobUpdate start
[21:54:55] getJobUpdate finished
[21:54:55] getJobUpdate start
[21:54:55] getJobUpdate finished
[21:54:55] getJobUpdate start
[21:54:55] getJobUpdate finished
[21:54:56] getJobUpdate start
[21:54:56] getJobUpdate finished
[21:54:56] getJobUpdate start
[21:54:56] getJobUpdate finished
[21:54:56] getJobUpdate start
[21:54:56] getJobUpdate finished
[21:54:57] getJobUpdate start
[21:54:57] getJobUpdate finished
[21:54:57] getJobUpdate start
[21:54:57] getJobUpdate finished
[21:54:57] getJobUpdate start
[21:54:57] getJobUpdate finished
[21:54:58] getJobUpdate start
[21:54:58] getJobUpdate finished
[21:54:58] getJobUpdate start
[21:54:58] getJobUpdate finished
[21:54:58] getJobUpdate start
[21:54:58] getJobUpdate finished
[21:54:59] getJobUpdate start
[21:54:59] getJobUpdate finished
[21:54:59] getJobUpdate start
[21:54:59] getJobUpdate finished
[21:54:59] getJobUpdate start
[21:54:59] getJobUpdate finished
[21:55:00] getJobUpdate start
[21:55:00] getJobUpdate finished
[21:55:00] getJobUpdate start
[21:55:00] getJobUpdate finished
[21:55:01] getJobUpdate start
[21:55:01] getJobUpdate finished
[21:55:01] getJobUpdate start
[21:55:01] getJobUpdate finished
[21:55:01] getJobUpdate start
[21:55:01] getJobUpdate finished
[21:55:02] getJobUpdate start
[21:55:02] getJobUpdate finished
[21:55:02] getJobUpdate start
[21:55:02] getJobUpdate finished
[21:55:03] getJobUpdate start
[21:55:03] getJobUpdate finished
[21:55:03] getJobUpdate start
[21:55:03] getJobUpdate finished
[21:55:03] getJobUpdate start
[21:55:03] getJobUpdate finished
[21:55:04] getJobUpdate start
[21:55:04] getJobUpdate finished
[21:55:04] getJobUpdate start
[21:55:04] getJobUpdate finished
[21:55:04] getJobUpdate start
[21:55:04] getJobUpdate finished
[21:55:05] getJobUpdate start
[21:55:05] getJobUpdate finished
[21:55:06] getJobUpdate start
[21:55:06] getJobUpdate finished
[21:55:06] getJobUpdate start
[21:55:06] getJobUpdate finished
[21:55:06] getJobUpdate start
[21:55:07] getJobUpdate finished
[21:55:07] getJobUpdate start
[21:55:07] getJobUpdate finished
[21:55:07] getJobUpdate start
[21:55:07] getJobUpdate finished
[21:55:08] getJobUpdate start
[21:55:08] getJobUpdate finished
[21:55:08] getJobUpdate start
[21:55:08] getJobUpdate finished
[21:55:09] getJobUpdate start
[21:55:09] getJobUpdate finished
[21:55:09] getJobUpdate start
[21:55:09] getJobUpdate finished
[21:55:09] getJobUpdate start
[21:55:09] getJobUpdate finished
[21:55:10] getJobUpdate start
[21:55:10] getJobUpdate finished
[21:55:10] getJobUpdate start
[21:55:10] getJobUpdate finished
[21:55:11] getJobUpdate start
[21:55:11] getJobUpdate finished
[21:55:11] getJobUpdate start
[21:55:11] getJobUpdate finished
[21:55:11] getJobUpdate start
[21:55:11] getJobUpdate finished
[21:55:12] getJobUpdate start
[21:55:12] getJobUpdate finished
[21:55:12] getJobUpdate start
[21:55:12] getJobUpdate finished
[21:55:12] getJobUpdate start
[21:55:12] getJobUpdate finished
[21:55:13] getJobUpdate start
[21:55:13] getJobUpdate finished
[21:55:13] getJobUpdate start
[21:55:13] getJobUpdate finished
[21:55:13] getJobUpdate start
[21:55:14] getJobUpdate finished
[21:55:14] getJobUpdate start
[21:55:14] getJobUpdate finished
[21:55:14] getJobUpdate start
[21:55:14] getJobUpdate finished
[21:55:15] getJobUpdate start
[21:55:15] getJobUpdate finished
[21:55:15] getJobUpdate start
[21:55:15] getJobUpdate finished
[21:55:15] getJobUpdate start
[21:55:15] getJobUpdate finished
[21:55:16] getJobUpdate start
[21:55:16] getJobUpdate finished
[21:55:16] getJobUpdate start
[21:55:16] getJobUpdate finished
[21:55:16] getJobUpdate start
[21:55:16] getJobUpdate finished
[21:55:17] getJobUpdate start
[21:55:17] getJobUpdate finished
[21:55:17] getJobUpdate start
[21:55:17] getJobUpdate finished
[21:55:17] getJobUpdate start
[21:55:17] getJobUpdate finished
[21:55:18] getJobUpdate start
[21:55:18] getJobUpdate finished
[21:55:18] getJobUpdate start
[21:55:18] getJobUpdate finished
[21:55:18] getJobUpdate start
[21:55:18] getJobUpdate finished
[21:55:19] getJobUpdate start
[21:55:19] getJobUpdate finished
[21:55:19] getJobUpdate start
[21:55:19] getJobUpdate finished
[21:55:20] getJobUpdate start
[21:55:20] getJobUpdate finished
[21:55:20] getJobUpdate start
[21:55:20] getJobUpdate finished
[21:55:20] getJobUpdate start
[21:55:20] getJobUpdate finished
[21:55:21] getJobUpdate start
[21:55:21] getJobUpdate finished
[21:55:21] getJobUpdate start
[21:55:21] getJobUpdate finished
[21:55:21] getJobUpdate start
[21:55:21] getJobUpdate finished
[21:55:22] getJobUpdate start
[21:55:22] getJobUpdate finished
[21:55:22] getJobUpdate start
[21:55:22] getJobUpdate finished
[21:55:22] getJobUpdate start
[21:55:22] getJobUpdate finished
[21:55:23] getJobUpdate start
[21:55:23] getJobUpdate finished
[21:55:23] getJobUpdate start
[21:55:23] getJobUpdate finished
[21:55:23] getJobUpdate start
[21:55:23] getJobUpdate finished
[21:55:24] getJobUpdate start
[21:55:24] getJobUpdate finished
[21:55:24] getJobUpdate start
[21:55:24] getJobUpdate finished
[21:55:25] getJobUpdate start
[21:55:25] getJobUpdate finished
[21:55:25] getJobUpdate start
[21:55:25] getJobUpdate finished
[21:55:25] getJobUpdate start
[21:55:25] getJobUpdate finished
[21:55:26] getJobUpdate start
[21:55:26] getJobUpdate finished
[21:55:26] getJobUpdate start
[21:55:26] getJobUpdate finished
[21:55:26] getJobUpdate start
[21:55:26] getJobUpdate finished
[21:55:27] getJobUpdate start
[21:55:27] getJobUpdate finished
[21:55:27] getJobUpdate start
[21:55:27] getJobUpdate finished
[21:55:27] getJobUpdate start
[21:55:27] getJobUpdate finished
[21:55:28] getJobUpdate start
[21:55:28] getJobUpdate finished
[21:55:28] getJobUpdate start
[21:55:28] getJobUpdate finished
[21:55:29] getJobUpdate start
[21:55:29] getJobUpdate finished
[21:55:29] getJobUpdate start
[21:55:29] getJobUpdate finished
[21:55:30] getJobUpdate start
[21:55:30] getJobUpdate finished
[21:55:30] getJobUpdate start
[21:55:30] getJobUpdate finished
[21:55:31] getJobUpdate start
[21:55:31] getJobUpdate finished
[21:55:31] getJobUpdate start
[21:55:31] getJobUpdate finished
[21:55:31] getJobUpdate start
[21:55:31] getJobUpdate finished
[21:55:32] getJobUpdate start
[21:55:32] getJobUpdate finished
[21:55:32] getJobUpdate start
[21:55:32] getJobUpdate finished
[21:55:33] getJobUpdate start
[21:55:33] getJobUpdate finished
[21:55:33] getJobUpdate start
[21:55:33] getJobUpdate finished
[21:55:34] getJobUpdate start
[21:55:34] getJobUpdate finished
[21:55:34] getJobUpdate start
[21:55:34] getJobUpdate finished
[21:55:35] getJobUpdate start
[21:55:35] getJobUpdate finished
[21:55:35] getJobUpdate start
[21:55:35] getJobUpdate finished
[21:55:35] getJobUpdate start
[21:55:35] getJobUpdate finished
[21:55:36] getJobUpdate start
[21:55:36] getJobUpdate finished
[21:55:36] getJobUpdate start
[21:55:36] getJobUpdate finished
[21:55:36] getJobUpdate start
[21:55:36] getJobUpdate finished
[21:55:37] getJobUpdate start
[21:55:37] getJobUpdate finished
[21:55:37] getJobUpdate start
[21:55:37] getJobUpdate finished
[21:55:37] getJobUpdate start
[21:55:37] getJobUpdate finished
[21:55:38] getJobUpdate start
[21:55:38] getJobUpdate finished
[21:55:38] getJobUpdate start
[21:55:38] getJobUpdate finished
[21:55:38] getJobUpdate start
[21:55:38] getJobUpdate finished
[21:55:39] getJobUpdate start
[21:55:39] getJobUpdate finished
[21:55:39] getJobUpdate start
[21:55:39] getJobUpdate finished
[21:55:40] getJobUpdate start
[21:55:40] getJobUpdate finished
[21:55:41] getJobUpdate start
[21:55:41] getJobUpdate finished
[21:55:41] getJobUpdate start
[21:55:41] getJobUpdate finished
[21:55:42] getJobUpdate start
[21:55:42] getJobUpdate finished
[21:55:43] getJobUpdate start
[21:55:43] getJobUpdate finished
[21:55:44] getJobUpdate start
[21:55:44] getJobUpdate finished
[21:55:44] getJobUpdate start
[21:55:44] getJobUpdate finished
[21:55:45] getJobUpdate start
[21:55:45] getJobUpdate finished
[21:55:46] getJobUpdate start
[21:55:46] getJobUpdate finished
[21:55:46] getJobUpdate start
[21:55:47] getJobUpdate finished
[21:55:47] getJobUpdate start
[21:55:47] getJobUpdate finished
[21:55:48] getJobUpdate start
[21:55:48] getJobUpdate finished
[21:55:48] getJobUpdate start
[21:55:48] getJobUpdate finished
[21:55:49] getJobUpdate start
[21:55:49] getJobUpdate finished
[21:55:49] getJobUpdate start
[21:55:49] getJobUpdate finished
[21:55:49] getJobUpdate start
[21:55:49] getJobUpdate finished
[21:55:50] getJobUpdate start
[21:55:50] getJobUpdate finished
[21:55:50] getJobUpdate start
[21:55:50] getJobUpdate finished
[21:55:50] getJobUpdate start
[21:55:51] getJobUpdate finished
[21:55:51] getJobUpdate start
[21:55:51] getJobUpdate finished
[21:55:51] getJobUpdate start
[21:55:51] getJobUpdate finished
[21:55:52] getJobUpdate start
[21:55:52] getJobUpdate finished
[21:55:52] getJobUpdate start
[21:55:52] getJobUpdate finished
[21:55:52] getJobUpdate start
[21:55:52] getJobUpdate finished
[21:55:53] getJobUpdate start
[21:55:53] getJobUpdate finished
[21:55:53] getJobUpdate start
[21:55:53] getJobUpdate finished
[21:55:53] getJobUpdate start
[21:55:53] getJobUpdate finished
[21:55:54] getJobUpdate start
[21:55:54] getJobUpdate finished
[21:55:54] getJobUpdate start
[21:55:54] getJobUpdate finished
[21:55:54] getJobUpdate start
[21:55:54] getJobUpdate finished
[21:55:55] getJobUpdate start
[21:55:55] getJobUpdate finished
[21:55:55] getJobUpdate start
[21:55:55] getJobUpdate finished
[21:55:55] getJobUpdate start
[21:55:55] getJobUpdate finished
[21:55:56] getJobUpdate start
[21:55:56] getJobUpdate finished
[21:55:56] getJobUpdate start
[21:55:56] getJobUpdate finished
[21:55:56] getJobUpdate start
[21:55:56] getJobUpdate finished
[21:55:57] getJobUpdate start
[21:55:57] getJobUpdate finished
[21:55:57] getJobUpdate start
[21:55:57] getJobUpdate finished
[21:55:57] getJobUpdate start
[21:55:57] getJobUpdate finished
[21:55:58] getJobUpdate start
[21:55:58] getJobUpdate finished
[21:55:58] getJobUpdate start
[21:55:58] getJobUpdate finished
[21:55:58] getJobUpdate start
[21:55:58] getJobUpdate finished
[21:55:59] getJobUpdate start
[21:55:59] getJobUpdate finished
[21:55:59] getJobUpdate start
[21:55:59] getJobUpdate finished
[21:55:59] getJobUpdate start
[21:55:59] getJobUpdate finished
[21:56:00] getJobUpdate start
[21:56:00] getJobUpdate finished
[21:56:00] getJobUpdate start
[21:56:00] getJobUpdate finished
[21:56:00] getJobUpdate start
[21:56:00] getJobUpdate finished
[21:56:01] getJobUpdate start
[21:56:01] getJobUpdate finished
[21:56:01] getJobUpdate start
[21:56:01] getJobUpdate finished
[21:56:01] getJobUpdate start
[21:56:01] getJobUpdate finished
[21:56:02] getJobUpdate start
[21:56:02] getJobUpdate finished
[21:56:02] getJobUpdate start
[21:56:02] getJobUpdate finished
[21:56:02] getJobUpdate start
[21:56:02] getJobUpdate finished
[21:56:02] getJobUpdate start
[21:56:02] getJobUpdate finished
[21:56:03] getJobUpdate start
[21:56:03] getJobUpdate finished
[21:56:03] getJobUpdate start
[21:56:03] getJobUpdate finished
[21:56:03] getJobUpdate start
[21:56:03] getJobUpdate finished
[21:56:04] getJobUpdate start
[21:56:04] getJobUpdate finished
[21:56:04] getJobUpdate start
[21:56:04] getJobUpdate finished
[21:56:04] getJobUpdate start
[21:56:04] getJobUpdate finished
[21:56:05] getJobUpdate start
[21:56:05] getJobUpdate finished
[21:56:05] getJobUpdate start
[21:56:05] getJobUpdate finished
[21:56:05] getJobUpdate start
[21:56:05] getJobUpdate finished
[21:56:06] getJobUpdate start
[21:56:06] getJobUpdate finished
[21:56:06] getJobUpdate start
[21:56:06] getJobUpdate finished
[21:56:06] getJobUpdate start
[21:56:06] getJobUpdate finished
[21:56:07] getJobUpdate start
[21:56:07] getJobUpdate finished
[21:56:07] getJobUpdate start
[21:56:07] getJobUpdate finished
[21:56:07] getJobUpdate start
[21:56:07] getJobUpdate finished
[21:56:08] getJobUpdate start
[21:56:08] getJobUpdate finished
[21:56:08] getJobUpdate start
[21:56:08] getJobUpdate finished
[21:56:08] getJobUpdate start
[21:56:08] getJobUpdate finished
[21:56:09] getJobUpdate start
[21:56:09] getJobUpdate finished
[21:56:09] getJobUpdate start
[21:56:09] getJobUpdate finished
[21:56:09] getJobUpdate start
[21:56:09] getJobUpdate finished
[21:56:10] getJobUpdate start
[21:56:10] getJobUpdate finished
[21:56:10] getJobUpdate start
[21:56:10] getJobUpdate finished
[21:56:10] getJobUpdate start
[21:56:11] getJobUpdate finished
[21:56:11] getJobUpdate start
[21:56:11] getJobUpdate finished
[21:56:11] getJobUpdate start
[21:56:11] getJobUpdate finished
[21:56:12] getJobUpdate start
[21:56:12] getJobUpdate finished
[21:56:12] getJobUpdate start
[21:56:12] getJobUpdate finished
[21:56:13] getJobUpdate start
[21:56:13] getJobUpdate finished
[21:56:13] getJobUpdate start
[21:56:13] getJobUpdate finished
[21:56:13] getJobUpdate start
[21:56:13] getJobUpdate finished
[21:56:14] getJobUpdate start
[21:56:14] getJobUpdate finished
[21:56:14] getJobUpdate start
[21:56:14] getJobUpdate finished
[21:56:15] getJobUpdate start
[21:56:15] getJobUpdate finished
[21:56:15] getJobUpdate start
[21:56:15] getJobUpdate finished
[21:56:15] getJobUpdate start
[21:56:15] getJobUpdate finished
[21:56:16] getJobUpdate start
[21:56:16] getJobUpdate finished
[21:56:16] getJobUpdate start
[21:56:16] getJobUpdate finished
[21:56:16] getJobUpdate start
[21:56:16] getJobUpdate finished
[21:56:17] getJobUpdate start
[21:56:17] getJobUpdate finished
[21:56:17] getJobUpdate start
[21:56:17] getJobUpdate finished
[21:56:17] getJobUpdate start
[21:56:18] getJobUpdate finished
[21:56:18] getJobUpdate start
[21:56:18] getJobUpdate finished
[21:56:18] getJobUpdate start
[21:56:18] getJobUpdate finished
[21:56:19] getJobUpdate start
[21:56:19] getJobUpdate finished
[21:56:19] getJobUpdate start
[21:56:19] getJobUpdate finished
[21:56:19] getJobUpdate start
[21:56:19] getJobUpdate finished
[21:56:20] getJobUpdate start
[21:56:20] getJobUpdate finished
[21:56:20] getJobUpdate start
[21:56:20] getJobUpdate finished
[21:56:20] getJobUpdate start
[21:56:20] getJobUpdate finished
[21:56:21] getJobUpdate start
[21:56:21] getJobUpdate finished
[21:56:21] getJobUpdate start
[21:56:21] getJobUpdate finished
[21:56:21] getJobUpdate start
[21:56:21] getJobUpdate finished
[21:56:22] getJobUpdate start
[21:56:22] getJobUpdate finished
[21:56:22] getJobUpdate start
[21:56:22] getJobUpdate finished
[21:56:23] getJobUpdate start
[21:56:23] getJobUpdate finished
[21:56:23] getJobUpdate start
[21:56:23] getJobUpdate finished
[21:56:23] getJobUpdate start
[21:56:23] getJobUpdate finished
[21:56:24] getJobUpdate start
[21:56:24] getJobUpdate finished
[21:56:24] getJobUpdate start
[21:56:24] getJobUpdate finished
[21:56:24] getJobUpdate start
[21:56:24] getJobUpdate finished
[21:56:25] getJobUpdate start
[21:56:25] getJobUpdate finished
[21:56:25] getJobUpdate start
[21:56:25] getJobUpdate finished
[21:56:25] getJobUpdate start
[21:56:25] getJobUpdate finished
[21:56:26] getJobUpdate start
[21:56:26] getJobUpdate finished
[21:56:26] getJobUpdate start
[21:56:26] getJobUpdate finished
[21:56:27] NewRectTube/Design 1_1/Scenario 1 solver finished at Sat 1. Dec 21:56:27 2018 on DESKTOP-7GSFCRT with code = 0
[21:56:27] Analysis::importSolverFiles = 0.015 sec
