[21:19:42] Cannot find a flags file
[21:19:42] Loading qm files
[21:19:42] System language is English
[21:19:42] Completed pre-event loop tasks in 0.295 sec
[21:19:42] Start processing tasks
[21:19:42] Starting task: Clt::InitializationTasks::initializeMainWindowUI
[21:19:42] Creating main view...
[21:19:42] Creating actions...
[21:19:42] Creating quick widgets...
[21:19:43] Creating panel...
[21:19:43] Creating status bar...
[21:19:43] Creating tool bar...
[21:19:43] Initializing menu...
[21:19:43] Task finished in 0.273 sec
[21:19:43] Starting task: Clt::InitializationTasks::initializeApplicationFrame
[21:19:43] Task finished in 0.751 sec
[21:19:43] Starting task: Clt::InitializationTasks::initializeWebServices
[21:19:45] Task finished in 1.155 sec
[21:19:45] Starting task: Clt::InitializationTasks::initializeAirLook
[21:19:46] Task finished in 1.557 sec
[21:19:46] Starting task: Clt::InitializationTasks::initializeServerGroup
[21:19:46] Task finished in 0.003 sec
[21:19:46] Starting task: Clt::InitializationTasks::initializeHelpManager
[21:19:46] Task finished in 0.006 sec
[21:19:46] Starting task: Clt::InitializationTasks::setMainWindowUIState
[21:19:47] Task finished in 0.176 sec
[21:19:47] Starting task: Clt::InitializationTasks::assignShortcuts
[21:19:47] Task finished in 0 sec
[21:19:47] Starting task: Clt::InitializationTasks::initializeScriptJobEvents
[21:19:47] Task finished in 0.001 sec
[21:19:47] Starting task: Clt::InitializationTasks::initializeGAT
[21:19:47] Task finished in 0 sec
[21:19:47] Starting task: Clt::InitializationTasks::createGeoMeshMessageHandler
[21:19:47] Task finished in 0.012 sec
[21:19:47] Starting task: Clt::InitializationTasks::initializeLicensing
[21:19:47] Creating license manager...
[21:19:47] Initializing license manager...
[21:19:47] Checking out UI license...
[21:19:47] Authorizing CFD UI...
[21:19:48] Checking out Motion license...
[21:19:48] Authorizing CFD Motion...
[21:19:49] Releasing CFD Motion...
[21:19:49] License path is
[21:19:49] Task finished in 2.854 sec
[21:19:50] Starting task: Clt::InitializationTasks::checkForLicensingError
[21:19:50] Task finished in 0 sec
[21:19:50] Starting task: Clt::InitializationTasks::showMainWindow
[21:19:50] Loading layout...
[21:19:50] Task finished in 0.171 sec
[21:19:50] Starting task: Clt::InitializationTasks::readyForLicensingUI
[21:19:50] Task finished in 0.072 sec
[21:19:50] Starting task: Clt::InitializationTasks::hideSplashScreen
[21:19:50] Task finished in 0.001 sec
[21:19:50] Starting task: Clt::InitializationTasks::initializeCustomResults
[21:19:50] Task finished in 0 sec
[21:19:50] Starting task: Clt::InitializationTasks::handleExternalLaunchFromCAD
[21:19:50] Task finished in 0 sec
[21:19:50] Starting task: Clt::InitializationTasks::initializePythonHooks
[21:19:50] Loading CFD resource file...
[21:19:50] Task finished in 0.387 sec
[21:19:50] Starting task: Clt::InitializationTasks::runScript
[21:19:50] Task finished in 0 sec
[21:19:50] Finished processing tasks in 8.176 sec
[21:20:07] External fragmentation is 0
[21:20:07] Internal fragmentation is 0.0461812
[21:20:07] External fragmentation is 0
[21:20:07] Internal fragmentation is 0.253656
[21:20:08] External fragmentation is 0.0796296
[21:20:08] Internal fragmentation is 0.0527471
[21:20:08] CFD Motion is not authorized, nothing to release
[21:20:08] CADModel::loadGeometryDatabase = 0.018 sec
[21:20:08] VizDataInterface::getBoundaryFEData = 0.003 sec
[21:20:08] VizDataInterface::setupWallOutlineData = 0 sec
[21:50:50] CFD Motion is not authorized, nothing to release
[21:53:56] ### Critical: source\clt_job_submitter.cpp 818
The Scenario cannot run because a part has an unassigned material setting
[21:54:23] Analysis::writeGBIFile = 0 sec
[21:54:23] Analysis::exportJobFiles = 0.006 sec
[21:54:23] NewRectTube/Design 1_1/Scenario 1 job started at Sat 1. Dec 21:54:23 2018 on DESKTOP-7GSFCRT
[21:54:24] NewRectTube/Design 1_1/Scenario 1 mesher started at Sat 1. Dec 21:54:23 2018 on DESKTOP-7GSFCRT
[21:54:26] NewRectTube/Design 1_1/Scenario 1 mesher finished at Sat 1. Dec 21:54:26 2018 on DESKTOP-7GSFCRT with code = 0
[21:54:26] Analysis::importMesherFiles = 0.002 sec
[21:54:26] CADModel::loadGeometryDatabase = 0.068 sec
[21:54:26] Mesher finished copying files
[21:54:26] NewRectTube/Design 1_1/Scenario 1 solver started at Sat 1. Dec 21:54:26 2018 on DESKTOP-7GSFCRT
[21:54:29] getJobUpdate start
[21:54:29] VizDataInterface::getBoundaryFEData = 0.016 sec
[21:54:29] VizDataInterface::setupWallOutlineData = 0.002 sec
[21:54:29] VizDataInterface::getBoundaryFEData = 0.013 sec
[21:54:29] VizDataInterface::setupWallOutlineData = 0.003 sec
[21:54:29] getJobUpdate finished
[21:54:29] getJobUpdate start
[21:54:29] getJobUpdate finished
[21:54:29] getJobUpdate start
[21:54:29] getJobUpdate finished
[21:54:30] getJobUpdate start
[21:54:30] getJobUpdate finished
[21:54:30] getJobUpdate start
[21:54:30] getJobUpdate finished
[21:54:30] getJobUpdate start
[21:54:30] getJobUpdate finished
[21:54:30] getJobUpdate start
[21:54:30] getJobUpdate finished
[21:54:30] getJobUpdate start
[21:54:31] getJobUpdate finished
[21:54:31] getJobUpdate start
[21:54:31] getJobUpdate finished
[21:54:31] getJobUpdate start
[21:54:31] getJobUpdate finished
[21:54:31] getJobUpdate start
[21:54:31] getJobUpdate finished
[21:54:32] getJobUpdate start
[21:54:32] getJobUpdate finished
[21:54:32] getJobUpdate start
[21:54:32] getJobUpdate finished
[21:54:32] getJobUpdate start
[21:54:32] getJobUpdate finished
[21:54:33] getJobUpdate start
[21:54:33] getJobUpdate finished
[21:54:33] getJobUpdate start
[21:54:33] getJobUpdate finished
[21:54:33] getJobUpdate start
[21:54:33] getJobUpdate finished
[21:54:34] getJobUpdate start
[21:54:34] getJobUpdate finished
[21:54:34] getJobUpdate start
[21:54:34] getJobUpdate finished
[21:54:34] getJobUpdate start
[21:54:34] getJobUpdate finished
[21:54:34] getJobUpdate start
[21:54:34] getJobUpdate finished
[21:54:35] getJobUpdate start
[21:54:35] getJobUpdate finished
[21:54:35] getJobUpdate start
[21:54:35] getJobUpdate finished
[21:54:35] getJobUpdate start
[21:54:36] getJobUpdate finished
[21:54:36] getJobUpdate start
[21:54:36] getJobUpdate finished
[21:54:36] getJobUpdate start
[21:54:36] getJobUpdate finished
[21:54:36] getJobUpdate start
[21:54:36] getJobUpdate finished
[21:54:37] getJobUpdate start
[21:54:37] getJobUpdate finished
[21:54:37] getJobUpdate start
[21:54:37] getJobUpdate finished
[21:54:37] getJobUpdate start
[21:54:37] getJobUpdate finished
[21:54:38] getJobUpdate start
[21:54:38] getJobUpdate finished
[21:54:38] getJobUpdate start
[21:54:38] getJobUpdate finished
[21:54:38] getJobUpdate start
[21:54:38] getJobUpdate finished
[21:54:39] getJobUpdate start
[21:54:39] getJobUpdate finished
[21:54:39] getJobUpdate start
[21:54:39] getJobUpdate finished
[21:54:39] getJobUpdate start
[21:54:39] getJobUpdate finished
[21:54:40] getJobUpdate start
[21:54:40] getJobUpdate finished
[21:54:40] getJobUpdate start
[21:54:40] getJobUpdate finished
[21:54:40] getJobUpdate start
[21:54:40] getJobUpdate finished
[21:54:41] getJobUpdate start
[21:54:41] getJobUpdate finished
[21:54:41] getJobUpdate start
[21:54:41] getJobUpdate finished
[21:54:41] getJobUpdate start
[21:54:41] getJobUpdate finished
[21:54:41] getJobUpdate start
[21:54:41] getJobUpdate finished
[21:54:42] getJobUpdate start
[21:54:42] getJobUpdate finished
[21:54:42] getJobUpdate start
[21:54:42] getJobUpdate finished
[21:54:42] getJobUpdate start
[21:54:42] getJobUpdate finished
[21:54:43] getJobUpdate start
[21:54:43] getJobUpdate finished
[21:54:43] getJobUpdate start
[21:54:43] getJobUpdate finished
[21:54:43] getJobUpdate start
[21:54:43] getJobUpdate finished
[21:54:44] getJobUpdate start
[21:54:44] getJobUpdate finished
[21:54:44] getJobUpdate start
[21:54:44] getJobUpdate finished
[21:54:44] getJobUpdate start
[21:54:44] getJobUpdate finished
[21:54:45] getJobUpdate start
[21:54:45] getJobUpdate finished
[21:54:45] getJobUpdate start
[21:54:45] getJobUpdate finished
[21:54:45] getJobUpdate start
[21:54:45] getJobUpdate finished
[21:54:46] getJobUpdate start
[21:54:46] getJobUpdate finished
[21:54:46] getJobUpdate start
[21:54:46] getJobUpdate finished
[21:54:46] getJobUpdate start
[21:54:46] getJobUpdate finished
[21:54:47] getJobUpdate start
[21:54:47] getJobUpdate finished
[21:54:47] getJobUpdate start
[21:54:47] getJobUpdate finished
[21:54:47] getJobUpdate start
[21:54:47] getJobUpdate finished
[21:54:48] getJobUpdate start
[21:54:48] getJobUpdate finished
[21:54:48] getJobUpdate start
[21:54:48] getJobUpdate finished
[21:54:48] getJobUpdate start
[21:54:48] getJobUpdate finished
[21:54:48] getJobUpdate start
[21:54:49] getJobUpdate finished
[21:54:49] getJobUpdate start
[21:54:49] getJobUpdate finished
[21:54:49] getJobUpdate start
[21:54:49] getJobUpdate finished
[21:54:49] getJobUpdate start
[21:54:49] getJobUpdate finished
[21:54:50] getJobUpdate start
[21:54:50] getJobUpdate finished
[21:54:50] getJobUpdate start
[21:54:50] getJobUpdate finished
[21:54:50] getJobUpdate start
[21:54:50] getJobUpdate finished
[21:54:51] getJobUpdate start
[21:54:51] getJobUpdate finished
[21:54:51] getJobUpdate start
[21:54:51] getJobUpdate finished
[21:54:51] getJobUpdate start
[21:54:51] getJobUpdate finished
[21:54:52] getJobUpdate start
[21:54:52] getJobUpdate finished
[21:54:52] getJobUpdate start
[21:54:52] getJobUpdate finished
[21:54:52] getJobUpdate start
[21:54:52] getJobUpdate finished
[21:54:53] getJobUpdate start
[21:54:53] getJobUpdate finished
[21:54:53] getJobUpdate start
[21:54:53] getJobUpdate finished
[21:54:53] getJobUpdate start
[21:54:53] getJobUpdate finished
[21:54:54] getJobUpdate start
[21:54:54] getJobUpdate finished
[21:54:54] getJobUpdate start
[21:54:54] getJobUpdate finished
[21:54:54] getJobUpdate start
[21:54:54] getJobUpdate finished
[21:54:55] getJobUpdate start
[21:54:55] getJobUpdate finished
[21:54:55] getJobUpdate start
[21:54:55] getJobUpdate finished
[21:54:55] getJobUpdate start
[21:54:55] getJobUpdate finished
[21:54:56] getJobUpdate start
[21:54:56] getJobUpdate finished
[21:54:56] getJobUpdate start
[21:54:56] getJobUpdate finished
[21:54:56] getJobUpdate start
[21:54:56] getJobUpdate finished
[21:54:57] getJobUpdate start
[21:54:57] getJobUpdate finished
[21:54:57] getJobUpdate start
[21:54:57] getJobUpdate finished
[21:54:57] getJobUpdate start
[21:54:57] getJobUpdate finished
[21:54:58] getJobUpdate start
[21:54:58] getJobUpdate finished
[21:54:58] getJobUpdate start
[21:54:58] getJobUpdate finished
[21:54:58] getJobUpdate start
[21:54:58] getJobUpdate finished
[21:54:59] getJobUpdate start
[21:54:59] getJobUpdate finished
[21:54:59] getJobUpdate start
[21:54:59] getJobUpdate finished
[21:54:59] getJobUpdate start
[21:54:59] getJobUpdate finished
[21:55:00] getJobUpdate start
[21:55:00] getJobUpdate finished
[21:55:00] getJobUpdate start
[21:55:00] getJobUpdate finished
[21:55:01] getJobUpdate start
[21:55:01] getJobUpdate finished
[21:55:01] getJobUpdate start
[21:55:01] getJobUpdate finished
[21:55:01] getJobUpdate start
[21:55:01] getJobUpdate finished
[21:55:02] getJobUpdate start
[21:55:02] getJobUpdate finished
[21:55:02] getJobUpdate start
[21:55:02] getJobUpdate finished
[21:55:03] getJobUpdate start
[21:55:03] getJobUpdate finished
[21:55:03] getJobUpdate start
[21:55:03] getJobUpdate finished
[21:55:03] getJobUpdate start
[21:55:03] getJobUpdate finished
[21:55:04] getJobUpdate start
[21:55:04] getJobUpdate finished
[21:55:04] getJobUpdate start
[21:55:04] getJobUpdate finished
[21:55:04] getJobUpdate start
[21:55:04] getJobUpdate finished
[21:55:05] getJobUpdate start
[21:55:05] getJobUpdate finished
[21:55:06] getJobUpdate start
[21:55:06] getJobUpdate finished
[21:55:06] getJobUpdate start
[21:55:06] getJobUpdate finished
[21:55:06] getJobUpdate start
[21:55:07] getJobUpdate finished
[21:55:07] getJobUpdate start
[21:55:07] getJobUpdate finished
[21:55:07] getJobUpdate start
[21:55:07] getJobUpdate finished
[21:55:08] getJobUpdate start
[21:55:08] getJobUpdate finished
[21:55:08] getJobUpdate start
[21:55:08] getJobUpdate finished
[21:55:09] getJobUpdate start
[21:55:09] getJobUpdate finished
[21:55:09] getJobUpdate start
[21:55:09] getJobUpdate finished
[21:55:09] getJobUpdate start
[21:55:09] getJobUpdate finished
[21:55:10] getJobUpdate start
[21:55:10] getJobUpdate finished
[21:55:10] getJobUpdate start
[21:55:10] getJobUpdate finished
[21:55:11] getJobUpdate start
[21:55:11] getJobUpdate finished
[21:55:11] getJobUpdate start
[21:55:11] getJobUpdate finished
[21:55:11] getJobUpdate start
[21:55:11] getJobUpdate finished
[21:55:12] getJobUpdate start
[21:55:12] getJobUpdate finished
[21:55:12] getJobUpdate start
[21:55:12] getJobUpdate finished
[21:55:12] getJobUpdate start
[21:55:12] getJobUpdate finished
[21:55:13] getJobUpdate start
[21:55:13] getJobUpdate finished
[21:55:13] getJobUpdate start
[21:55:13] getJobUpdate finished
[21:55:13] getJobUpdate start
[21:55:14] getJobUpdate finished
[21:55:14] getJobUpdate start
[21:55:14] getJobUpdate finished
[21:55:14] getJobUpdate start
[21:55:14] getJobUpdate finished
[21:55:15] getJobUpdate start
[21:55:15] getJobUpdate finished
[21:55:15] getJobUpdate start
[21:55:15] getJobUpdate finished
[21:55:15] getJobUpdate start
[21:55:15] getJobUpdate finished
[21:55:16] getJobUpdate start
[21:55:16] getJobUpdate finished
[21:55:16] getJobUpdate start
[21:55:16] getJobUpdate finished
[21:55:16] getJobUpdate start
[21:55:16] getJobUpdate finished
[21:55:17] getJobUpdate start
[21:55:17] getJobUpdate finished
[21:55:17] getJobUpdate start
[21:55:17] getJobUpdate finished
[21:55:17] getJobUpdate start
[21:55:17] getJobUpdate finished
[21:55:18] getJobUpdate start
[21:55:18] getJobUpdate finished
[21:55:18] getJobUpdate start
[21:55:18] getJobUpdate finished
[21:55:18] getJobUpdate start
[21:55:18] getJobUpdate finished
[21:55:19] getJobUpdate start
[21:55:19] getJobUpdate finished
[21:55:19] getJobUpdate start
[21:55:19] getJobUpdate finished
[21:55:20] getJobUpdate start
[21:55:20] getJobUpdate finished
[21:55:20] getJobUpdate start
[21:55:20] getJobUpdate finished
[21:55:20] getJobUpdate start
[21:55:20] getJobUpdate finished
[21:55:21] getJobUpdate start
[21:55:21] getJobUpdate finished
[21:55:21] getJobUpdate start
[21:55:21] getJobUpdate finished
[21:55:21] getJobUpdate start
[21:55:21] getJobUpdate finished
[21:55:22] getJobUpdate start
[21:55:22] getJobUpdate finished
[21:55:22] getJobUpdate start
[21:55:22] getJobUpdate finished
[21:55:22] getJobUpdate start
[21:55:22] getJobUpdate finished
[21:55:23] getJobUpdate start
[21:55:23] getJobUpdate finished
[21:55:23] getJobUpdate start
[21:55:23] getJobUpdate finished
[21:55:23] getJobUpdate start
[21:55:23] getJobUpdate finished
[21:55:24] getJobUpdate start
[21:55:24] getJobUpdate finished
[21:55:24] getJobUpdate start
[21:55:24] getJobUpdate finished
[21:55:25] getJobUpdate start
[21:55:25] getJobUpdate finished
[21:55:25] getJobUpdate start
[21:55:25] getJobUpdate finished
[21:55:25] getJobUpdate start
[21:55:25] getJobUpdate finished
[21:55:26] getJobUpdate start
[21:55:26] getJobUpdate finished
[21:55:26] getJobUpdate start
[21:55:26] getJobUpdate finished
[21:55:26] getJobUpdate start
[21:55:26] getJobUpdate finished
[21:55:27] getJobUpdate start
[21:55:27] getJobUpdate finished
[21:55:27] getJobUpdate start
[21:55:27] getJobUpdate finished
[21:55:27] getJobUpdate start
[21:55:27] getJobUpdate finished
[21:55:28] getJobUpdate start
[21:55:28] getJobUpdate finished
[21:55:28] getJobUpdate start
[21:55:28] getJobUpdate finished
[21:55:29] getJobUpdate start
[21:55:29] getJobUpdate finished
[21:55:29] getJobUpdate start
[21:55:29] getJobUpdate finished
[21:55:30] getJobUpdate start
[21:55:30] getJobUpdate finished
[21:55:30] getJobUpdate start
[21:55:30] getJobUpdate finished
[21:55:31] getJobUpdate start
[21:55:31] getJobUpdate finished
[21:55:31] getJobUpdate start
[21:55:31] getJobUpdate finished
[21:55:31] getJobUpdate start
[21:55:31] getJobUpdate finished
[21:55:32] getJobUpdate start
[21:55:32] getJobUpdate finished
[21:55:32] getJobUpdate start
[21:55:32] getJobUpdate finished
[21:55:33] getJobUpdate start
[21:55:33] getJobUpdate finished
[21:55:33] getJobUpdate start
[21:55:33] getJobUpdate finished
[21:55:34] getJobUpdate start
[21:55:34] getJobUpdate finished
[21:55:34] getJobUpdate start
[21:55:34] getJobUpdate finished
[21:55:35] getJobUpdate start
[21:55:35] getJobUpdate finished
[21:55:35] getJobUpdate start
[21:55:35] getJobUpdate finished
[21:55:35] getJobUpdate start
[21:55:35] getJobUpdate finished
[21:55:36] getJobUpdate start
[21:55:36] getJobUpdate finished
[21:55:36] getJobUpdate start
[21:55:36] getJobUpdate finished
[21:55:36] getJobUpdate start
[21:55:36] getJobUpdate finished
[21:55:37] getJobUpdate start
[21:55:37] getJobUpdate finished
[21:55:37] getJobUpdate start
[21:55:37] getJobUpdate finished
[21:55:37] getJobUpdate start
[21:55:37] getJobUpdate finished
[21:55:38] getJobUpdate start
[21:55:38] getJobUpdate finished
[21:55:38] getJobUpdate start
[21:55:38] getJobUpdate finished
[21:55:38] getJobUpdate start
[21:55:38] getJobUpdate finished
[21:55:39] getJobUpdate start
[21:55:39] getJobUpdate finished
[21:55:39] getJobUpdate start
[21:55:39] getJobUpdate finished
[21:55:40] getJobUpdate start
[21:55:40] getJobUpdate finished
[21:55:41] getJobUpdate start
[21:55:41] getJobUpdate finished
[21:55:41] getJobUpdate start
[21:55:41] getJobUpdate finished
[21:55:42] getJobUpdate start
[21:55:42] getJobUpdate finished
[21:55:43] getJobUpdate start
[21:55:43] getJobUpdate finished
[21:55:44] getJobUpdate start
[21:55:44] getJobUpdate finished
[21:55:44] getJobUpdate start
[21:55:44] getJobUpdate finished
[21:55:45] getJobUpdate start
[21:55:45] getJobUpdate finished
[21:55:46] getJobUpdate start
[21:55:46] getJobUpdate finished
[21:55:46] getJobUpdate start
[21:55:47] getJobUpdate finished
[21:55:47] getJobUpdate start
[21:55:47] getJobUpdate finished
[21:55:48] getJobUpdate start
[21:55:48] getJobUpdate finished
[21:55:48] getJobUpdate start
[21:55:48] getJobUpdate finished
[21:55:49] getJobUpdate start
[21:55:49] getJobUpdate finished
[21:55:49] getJobUpdate start
[21:55:49] getJobUpdate finished
[21:55:49] getJobUpdate start
[21:55:49] getJobUpdate finished
[21:55:50] getJobUpdate start
[21:55:50] getJobUpdate finished
[21:55:50] getJobUpdate start
[21:55:50] getJobUpdate finished
[21:55:50] getJobUpdate start
[21:55:51] getJobUpdate finished
[21:55:51] getJobUpdate start
[21:55:51] getJobUpdate finished
[21:55:51] getJobUpdate start
[21:55:51] getJobUpdate finished
[21:55:52] getJobUpdate start
[21:55:52] getJobUpdate finished
[21:55:52] getJobUpdate start
[21:55:52] getJobUpdate finished
[21:55:52] getJobUpdate start
[21:55:52] getJobUpdate finished
[21:55:53] getJobUpdate start
[21:55:53] getJobUpdate finished
[21:55:53] getJobUpdate start
[21:55:53] getJobUpdate finished
[21:55:53] getJobUpdate start
[21:55:53] getJobUpdate finished
[21:55:54] getJobUpdate start
[21:55:54] getJobUpdate finished
[21:55:54] getJobUpdate start
[21:55:54] getJobUpdate finished
[21:55:54] getJobUpdate start
[21:55:54] getJobUpdate finished
[21:55:55] getJobUpdate start
[21:55:55] getJobUpdate finished
[21:55:55] getJobUpdate start
[21:55:55] getJobUpdate finished
[21:55:55] getJobUpdate start
[21:55:55] getJobUpdate finished
[21:55:56] getJobUpdate start
[21:55:56] getJobUpdate finished
[21:55:56] getJobUpdate start
[21:55:56] getJobUpdate finished
[21:55:56] getJobUpdate start
[21:55:56] getJobUpdate finished
[21:55:57] getJobUpdate start
[21:55:57] getJobUpdate finished
[21:55:57] getJobUpdate start
[21:55:57] getJobUpdate finished
[21:55:57] getJobUpdate start
[21:55:57] getJobUpdate finished
[21:55:58] getJobUpdate start
[21:55:58] getJobUpdate finished
[21:55:58] getJobUpdate start
[21:55:58] getJobUpdate finished
[21:55:58] getJobUpdate start
[21:55:58] getJobUpdate finished
[21:55:59] getJobUpdate start
[21:55:59] getJobUpdate finished
[21:55:59] getJobUpdate start
[21:55:59] getJobUpdate finished
[21:55:59] getJobUpdate start
[21:55:59] getJobUpdate finished
[21:56:00] getJobUpdate start
[21:56:00] getJobUpdate finished
[21:56:00] getJobUpdate start
[21:56:00] getJobUpdate finished
[21:56:00] getJobUpdate start
[21:56:00] getJobUpdate finished
[21:56:01] getJobUpdate start
[21:56:01] getJobUpdate finished
[21:56:01] getJobUpdate start
[21:56:01] getJobUpdate finished
[21:56:01] getJobUpdate start
[21:56:01] getJobUpdate finished
[21:56:02] getJobUpdate start
[21:56:02] getJobUpdate finished
[21:56:02] getJobUpdate start
[21:56:02] getJobUpdate finished
[21:56:02] getJobUpdate start
[21:56:02] getJobUpdate finished
[21:56:02] getJobUpdate start
[21:56:02] getJobUpdate finished
[21:56:03] getJobUpdate start
[21:56:03] getJobUpdate finished
[21:56:03] getJobUpdate start
[21:56:03] getJobUpdate finished
[21:56:03] getJobUpdate start
[21:56:03] getJobUpdate finished
[21:56:04] getJobUpdate start
[21:56:04] getJobUpdate finished
[21:56:04] getJobUpdate start
[21:56:04] getJobUpdate finished
[21:56:04] getJobUpdate start
[21:56:04] getJobUpdate finished
[21:56:05] getJobUpdate start
[21:56:05] getJobUpdate finished
[21:56:05] getJobUpdate start
[21:56:05] getJobUpdate finished
[21:56:05] getJobUpdate start
[21:56:05] getJobUpdate finished
[21:56:06] getJobUpdate start
[21:56:06] getJobUpdate finished
[21:56:06] getJobUpdate start
[21:56:06] getJobUpdate finished
[21:56:06] getJobUpdate start
[21:56:06] getJobUpdate finished
[21:56:07] getJobUpdate start
[21:56:07] getJobUpdate finished
[21:56:07] getJobUpdate start
[21:56:07] getJobUpdate finished
[21:56:07] getJobUpdate start
[21:56:07] getJobUpdate finished
[21:56:08] getJobUpdate start
[21:56:08] getJobUpdate finished
[21:56:08] getJobUpdate start
[21:56:08] getJobUpdate finished
[21:56:08] getJobUpdate start
[21:56:08] getJobUpdate finished
[21:56:09] getJobUpdate start
[21:56:09] getJobUpdate finished
[21:56:09] getJobUpdate start
[21:56:09] getJobUpdate finished
[21:56:09] getJobUpdate start
[21:56:09] getJobUpdate finished
[21:56:10] getJobUpdate start
[21:56:10] getJobUpdate finished
[21:56:10] getJobUpdate start
[21:56:10] getJobUpdate finished
[21:56:10] getJobUpdate start
[21:56:11] getJobUpdate finished
[21:56:11] getJobUpdate start
[21:56:11] getJobUpdate finished
[21:56:11] getJobUpdate start
[21:56:11] getJobUpdate finished
[21:56:12] getJobUpdate start
[21:56:12] getJobUpdate finished
[21:56:12] getJobUpdate start
[21:56:12] getJobUpdate finished
[21:56:13] getJobUpdate start
[21:56:13] getJobUpdate finished
[21:56:13] getJobUpdate start
[21:56:13] getJobUpdate finished
[21:56:13] getJobUpdate start
[21:56:13] getJobUpdate finished
[21:56:14] getJobUpdate start
[21:56:14] getJobUpdate finished
[21:56:14] getJobUpdate start
[21:56:14] getJobUpdate finished
[21:56:15] getJobUpdate start
[21:56:15] getJobUpdate finished
[21:56:15] getJobUpdate start
[21:56:15] getJobUpdate finished
[21:56:15] getJobUpdate start
[21:56:15] getJobUpdate finished
[21:56:16] getJobUpdate start
[21:56:16] getJobUpdate finished
[21:56:16] getJobUpdate start
[21:56:16] getJobUpdate finished
[21:56:16] getJobUpdate start
[21:56:16] getJobUpdate finished
[21:56:17] getJobUpdate start
[21:56:17] getJobUpdate finished
[21:56:17] getJobUpdate start
[21:56:17] getJobUpdate finished
[21:56:17] getJobUpdate start
[21:56:18] getJobUpdate finished
[21:56:18] getJobUpdate start
[21:56:18] getJobUpdate finished
[21:56:18] getJobUpdate start
[21:56:18] getJobUpdate finished
[21:56:19] getJobUpdate start
[21:56:19] getJobUpdate finished
[21:56:19] getJobUpdate start
[21:56:19] getJobUpdate finished
[21:56:19] getJobUpdate start
[21:56:19] getJobUpdate finished
[21:56:20] getJobUpdate start
[21:56:20] getJobUpdate finished
[21:56:20] getJobUpdate start
[21:56:20] getJobUpdate finished
[21:56:20] getJobUpdate start
[21:56:20] getJobUpdate finished
[21:56:21] getJobUpdate start
[21:56:21] getJobUpdate finished
[21:56:21] getJobUpdate start
[21:56:21] getJobUpdate finished
[21:56:21] getJobUpdate start
[21:56:21] getJobUpdate finished
[21:56:22] getJobUpdate start
[21:56:22] getJobUpdate finished
[21:56:22] getJobUpdate start
[21:56:22] getJobUpdate finished
[21:56:23] getJobUpdate start
[21:56:23] getJobUpdate finished
[21:56:23] getJobUpdate start
[21:56:23] getJobUpdate finished
[21:56:23] getJobUpdate start
[21:56:23] getJobUpdate finished
[21:56:24] getJobUpdate start
[21:56:24] getJobUpdate finished
[21:56:24] getJobUpdate start
[21:56:24] getJobUpdate finished
[21:56:24] getJobUpdate start
[21:56:24] getJobUpdate finished
[21:56:25] getJobUpdate start
[21:56:25] getJobUpdate finished
[21:56:25] getJobUpdate start
[21:56:25] getJobUpdate finished
[21:56:25] getJobUpdate start
[21:56:25] getJobUpdate finished
[21:56:26] getJobUpdate start
[21:56:26] getJobUpdate finished
[21:56:26] getJobUpdate start
[21:56:26] getJobUpdate finished
[21:56:27] NewRectTube/Design 1_1/Scenario 1 solver finished at Sat 1. Dec 21:56:27 2018 on DESKTOP-7GSFCRT with code = 0
[21:56:27] Analysis::importSolverFiles = 0.015 sec
[21:56:27] VizDataInterface::getBoundaryFEData = 0.013 sec
[21:56:27] VizDataInterface::setupWallOutlineData = 0.002 sec
[21:56:27] NewRectTube/Design 1_1/Scenario 1 job finished at Sat 1. Dec 21:56:27 2018 on DESKTOP-7GSFCRT
[22:02:38] CFD Motion is not authorized, nothing to release
[22:03:54] Analysis::writeGBIFile = 0 sec
[22:03:54] Analysis::exportJobFiles = 0.008 sec
[22:03:54] NewRectTube/Design 1_2/Scenario 1 job started at Sat 1. Dec 22:03:54 2018 on DESKTOP-7GSFCRT
[22:03:54] NewRectTube/Design 1_2/Scenario 1 mesher started at Sat 1. Dec 22:03:54 2018 on DESKTOP-7GSFCRT
[22:03:56] NewRectTube/Design 1_2/Scenario 1 mesher finished at Sat 1. Dec 22:03:56 2018 on DESKTOP-7GSFCRT with code = 0
[22:03:56] Analysis::importMesherFiles = 0.001 sec
[22:03:56] CADModel::loadGeometryDatabase = 0.078 sec
[22:03:56] Mesher finished copying files
[22:03:56] NewRectTube/Design 1_2/Scenario 1 solver started at Sat 1. Dec 22:03:56 2018 on DESKTOP-7GSFCRT
[22:03:58] getJobUpdate start
[22:03:58] VizDataInterface::getBoundaryFEData = 0.013 sec
[22:03:58] VizDataInterface::setupWallOutlineData = 0.002 sec
[22:03:58] VizDataInterface::getBoundaryFEData = 0.015 sec
[22:03:58] VizDataInterface::setupWallOutlineData = 0.001 sec
[22:03:59] getJobUpdate finished
[22:03:59] getJobUpdate start
[22:03:59] getJobUpdate finished
[22:03:59] getJobUpdate start
[22:03:59] getJobUpdate finished
[22:03:59] getJobUpdate start
[22:03:59] getJobUpdate finished
[22:04:00] getJobUpdate start
[22:04:00] getJobUpdate finished
[22:04:00] getJobUpdate start
[22:04:00] getJobUpdate finished
[22:04:00] getJobUpdate start
[22:04:00] getJobUpdate finished
[22:04:00] getJobUpdate start
[22:04:00] getJobUpdate finished
[22:04:01] getJobUpdate start
[22:04:01] getJobUpdate finished
[22:04:01] getJobUpdate start
[22:04:01] getJobUpdate finished
[22:04:01] getJobUpdate start
[22:04:01] getJobUpdate finished
[22:04:01] getJobUpdate start
[22:04:01] getJobUpdate finished
[22:04:02] getJobUpdate start
[22:04:02] getJobUpdate finished
[22:04:02] getJobUpdate start
[22:04:02] getJobUpdate finished
[22:04:02] getJobUpdate start
[22:04:02] getJobUpdate finished
[22:04:03] getJobUpdate start
[22:04:03] getJobUpdate finished
[22:04:03] getJobUpdate start
[22:04:03] getJobUpdate finished
[22:04:03] getJobUpdate start
[22:04:03] getJobUpdate finished
[22:04:04] getJobUpdate start
[22:04:04] getJobUpdate finished
[22:04:04] getJobUpdate start
[22:04:04] getJobUpdate finished
[22:04:04] getJobUpdate start
[22:04:04] getJobUpdate finished
[22:04:05] getJobUpdate start
[22:04:05] getJobUpdate finished
[22:04:05] getJobUpdate start
[22:04:05] getJobUpdate finished
[22:04:05] getJobUpdate start
[22:04:05] getJobUpdate finished
[22:04:06] getJobUpdate start
[22:04:06] getJobUpdate finished
[22:04:06] getJobUpdate start
[22:04:06] getJobUpdate finished
[22:04:06] getJobUpdate start
[22:04:06] getJobUpdate finished
[22:04:07] getJobUpdate start
[22:04:07] getJobUpdate finished
[22:04:07] getJobUpdate start
[22:04:07] getJobUpdate finished
[22:04:07] getJobUpdate start
[22:04:07] getJobUpdate finished
[22:04:08] getJobUpdate start
[22:04:08] getJobUpdate finished
[22:04:08] getJobUpdate start
[22:04:08] getJobUpdate finished
[22:04:08] getJobUpdate start
[22:04:08] getJobUpdate finished
[22:04:09] getJobUpdate start
[22:04:09] getJobUpdate finished
[22:04:09] getJobUpdate start
[22:04:09] getJobUpdate finished
[22:04:09] getJobUpdate start
[22:04:09] getJobUpdate finished
[22:04:10] getJobUpdate start
[22:04:10] getJobUpdate finished
[22:04:10] getJobUpdate start
[22:04:10] getJobUpdate finished
[22:04:10] getJobUpdate start
[22:04:10] getJobUpdate finished
[22:04:11] getJobUpdate start
[22:04:11] getJobUpdate finished
[22:04:11] getJobUpdate start
[22:04:11] getJobUpdate finished
[22:04:11] getJobUpdate start
[22:04:11] getJobUpdate finished
[22:04:11] getJobUpdate start
[22:04:12] getJobUpdate finished
[22:04:12] getJobUpdate start
[22:04:12] getJobUpdate finished
[22:04:12] getJobUpdate start
[22:04:12] getJobUpdate finished
[22:04:13] getJobUpdate start
[22:04:14] getJobUpdate finished
[22:04:15] getJobUpdate start
[22:04:16] getJobUpdate finished
[22:04:17] getJobUpdate start
[22:04:17] getJobUpdate finished
[22:04:19] getJobUpdate start
[22:04:19] getJobUpdate finished
[22:04:21] getJobUpdate start
[22:04:21] getJobUpdate finished
[22:04:23] getJobUpdate start
[22:04:23] getJobUpdate finished
[22:04:25] getJobUpdate start
[22:04:25] getJobUpdate finished
[22:04:27] getJobUpdate start
[22:04:27] getJobUpdate finished
[22:04:29] getJobUpdate start
[22:04:29] getJobUpdate finished
[22:04:30] getJobUpdate start
[22:04:31] getJobUpdate finished
[22:04:32] getJobUpdate start
[22:04:32] getJobUpdate finished
[22:04:34] getJobUpdate start
[22:04:34] getJobUpdate finished
[22:04:36] getJobUpdate start
[22:04:36] getJobUpdate finished
[22:04:38] getJobUpdate start
[22:04:38] getJobUpdate finished
[22:04:40] getJobUpdate start
[22:04:40] getJobUpdate finished
[22:04:42] getJobUpdate start
[22:04:42] getJobUpdate finished
[22:04:44] getJobUpdate start
[22:04:44] getJobUpdate finished
[22:04:45] getJobUpdate start
[22:04:45] getJobUpdate finished
[22:04:45] getJobUpdate start
[22:04:45] getJobUpdate finished
[22:04:46] getJobUpdate start
[22:04:46] getJobUpdate finished
[22:04:46] getJobUpdate start
[22:04:46] getJobUpdate finished
[22:04:47] getJobUpdate start
[22:04:47] getJobUpdate finished
[22:04:47] getJobUpdate start
[22:04:47] getJobUpdate finished
[22:04:48] getJobUpdate start
[22:04:48] getJobUpdate finished
[22:04:48] getJobUpdate start
[22:04:48] getJobUpdate finished
[22:04:48] getJobUpdate start
[22:04:48] getJobUpdate finished
[22:04:49] getJobUpdate start
[22:04:49] getJobUpdate finished
[22:04:49] getJobUpdate start
[22:04:49] getJobUpdate finished
[22:04:50] getJobUpdate start
[22:04:50] getJobUpdate finished
[22:04:50] getJobUpdate start
[22:04:50] getJobUpdate finished
[22:04:51] getJobUpdate start
[22:04:51] getJobUpdate finished
[22:04:51] getJobUpdate start
[22:04:51] getJobUpdate finished
[22:04:52] getJobUpdate start
[22:04:52] getJobUpdate finished
[22:04:52] getJobUpdate start
[22:04:52] getJobUpdate finished
[22:04:52] getJobUpdate start
[22:04:52] getJobUpdate finished
[22:04:53] getJobUpdate start
[22:04:53] getJobUpdate finished
[22:04:53] getJobUpdate start
[22:04:53] getJobUpdate finished
[22:04:54] getJobUpdate start
[22:04:54] getJobUpdate finished
[22:04:54] getJobUpdate start
[22:04:54] getJobUpdate finished
[22:04:54] getJobUpdate start
[22:04:54] getJobUpdate finished
[22:04:55] getJobUpdate start
[22:04:55] getJobUpdate finished
[22:04:55] getJobUpdate start
[22:04:55] getJobUpdate finished
[22:04:56] getJobUpdate start
[22:04:56] getJobUpdate finished
[22:04:56] getJobUpdate start
[22:04:56] getJobUpdate finished
[22:04:56] getJobUpdate start
[22:04:56] getJobUpdate finished
[22:04:57] getJobUpdate start
[22:04:57] getJobUpdate finished
[22:04:57] getJobUpdate start
[22:04:57] getJobUpdate finished
[22:04:57] getJobUpdate start
[22:04:57] getJobUpdate finished
[22:04:58] getJobUpdate start
[22:04:58] getJobUpdate finished
[22:04:58] getJobUpdate start
[22:04:58] getJobUpdate finished
[22:04:58] getJobUpdate start
[22:04:59] getJobUpdate finished
[22:04:59] getJobUpdate start
[22:04:59] getJobUpdate finished
[22:04:59] getJobUpdate start
[22:04:59] getJobUpdate finished
[22:05:00] getJobUpdate start
[22:05:00] getJobUpdate finished
[22:05:00] getJobUpdate start
[22:05:00] getJobUpdate finished
[22:05:00] getJobUpdate start
[22:05:00] getJobUpdate finished
[22:05:01] getJobUpdate start
[22:05:01] getJobUpdate finished
[22:05:01] getJobUpdate start
[22:05:01] getJobUpdate finished
[22:05:01] getJobUpdate start
[22:05:01] getJobUpdate finished
[22:05:02] getJobUpdate start
[22:05:02] getJobUpdate finished
[22:05:02] getJobUpdate start
[22:05:02] getJobUpdate finished
[22:05:02] getJobUpdate start
[22:05:02] getJobUpdate finished
[22:05:03] getJobUpdate start
[22:05:03] getJobUpdate finished
[22:05:03] getJobUpdate start
[22:05:03] getJobUpdate finished
[22:05:03] getJobUpdate start
[22:05:03] getJobUpdate finished
[22:05:04] getJobUpdate start
[22:05:04] getJobUpdate finished
[22:05:04] getJobUpdate start
[22:05:04] getJobUpdate finished
[22:05:04] getJobUpdate start
[22:05:04] getJobUpdate finished
[22:05:05] getJobUpdate start
[22:05:05] getJobUpdate finished
[22:05:05] getJobUpdate start
[22:05:05] getJobUpdate finished
[22:05:06] getJobUpdate start
[22:05:06] getJobUpdate finished
[22:05:06] getJobUpdate start
[22:05:06] getJobUpdate finished
[22:05:06] getJobUpdate start
[22:05:06] getJobUpdate finished
[22:05:07] getJobUpdate start
[22:05:07] getJobUpdate finished
[22:05:07] getJobUpdate start
[22:05:07] getJobUpdate finished
[22:05:07] getJobUpdate start
[22:05:07] getJobUpdate finished
[22:05:08] getJobUpdate start
[22:05:08] getJobUpdate finished
[22:05:08] getJobUpdate start
[22:05:08] getJobUpdate finished
[22:05:08] getJobUpdate start
[22:05:08] getJobUpdate finished
[22:05:09] getJobUpdate start
[22:05:09] getJobUpdate finished
[22:05:09] getJobUpdate start
[22:05:09] getJobUpdate finished
[22:05:09] getJobUpdate start
[22:05:09] getJobUpdate finished
[22:05:10] getJobUpdate start
[22:05:10] getJobUpdate finished
[22:05:10] getJobUpdate start
[22:05:10] getJobUpdate finished
[22:05:10] getJobUpdate start
[22:05:10] getJobUpdate finished
[22:05:11] getJobUpdate start
[22:05:11] getJobUpdate finished
[22:05:11] getJobUpdate start
[22:05:11] getJobUpdate finished
[22:05:11] getJobUpdate start
[22:05:11] getJobUpdate finished
[22:05:12] getJobUpdate start
[22:05:12] getJobUpdate finished
[22:05:12] getJobUpdate start
[22:05:12] getJobUpdate finished
[22:05:12] getJobUpdate start
[22:05:12] getJobUpdate finished
[22:05:13] getJobUpdate start
[22:05:13] getJobUpdate finished
[22:05:13] getJobUpdate start
[22:05:13] getJobUpdate finished
[22:05:13] getJobUpdate start
[22:05:13] getJobUpdate finished
[22:05:13] getJobUpdate start
[22:05:13] getJobUpdate finished
[22:05:14] getJobUpdate start
[22:05:14] getJobUpdate finished
[22:05:14] getJobUpdate start
[22:05:14] getJobUpdate finished
[22:05:14] getJobUpdate start
[22:05:14] getJobUpdate finished
[22:05:15] getJobUpdate start
[22:05:15] getJobUpdate finished
[22:05:15] getJobUpdate start
[22:05:15] getJobUpdate finished
[22:05:15] getJobUpdate start
[22:05:15] getJobUpdate finished
[22:05:16] getJobUpdate start
[22:05:16] getJobUpdate finished
[22:05:16] getJobUpdate start
[22:05:16] getJobUpdate finished
[22:05:16] getJobUpdate start
[22:05:16] getJobUpdate finished
[22:05:17] getJobUpdate start
[22:05:17] getJobUpdate finished
[22:05:17] getJobUpdate start
[22:05:17] getJobUpdate finished
[22:05:17] getJobUpdate start
[22:05:17] getJobUpdate finished
[22:05:18] getJobUpdate start
[22:05:18] getJobUpdate finished
[22:05:18] getJobUpdate start
[22:05:18] getJobUpdate finished
[22:05:18] getJobUpdate start
[22:05:18] getJobUpdate finished
[22:05:18] getJobUpdate start
[22:05:18] getJobUpdate finished
[22:05:19] getJobUpdate start
[22:05:19] getJobUpdate finished
[22:05:19] getJobUpdate start
[22:05:19] getJobUpdate finished
[22:05:19] getJobUpdate start
[22:05:19] getJobUpdate finished
[22:05:20] getJobUpdate start
[22:05:20] getJobUpdate finished
[22:05:20] getJobUpdate start
[22:05:20] getJobUpdate finished
[22:05:20] getJobUpdate start
[22:05:20] getJobUpdate finished
[22:05:21] getJobUpdate start
[22:05:21] getJobUpdate finished
[22:05:21] getJobUpdate start
[22:05:21] getJobUpdate finished
[22:05:21] getJobUpdate start
[22:05:21] getJobUpdate finished
[22:05:22] getJobUpdate start
[22:05:22] getJobUpdate finished
[22:05:22] getJobUpdate start
[22:05:22] getJobUpdate finished
[22:05:22] getJobUpdate start
[22:05:22] getJobUpdate finished
[22:05:22] getJobUpdate start
[22:05:23] getJobUpdate finished
[22:05:23] getJobUpdate start
[22:05:23] getJobUpdate finished
[22:05:23] getJobUpdate start
[22:05:23] getJobUpdate finished
[22:05:23] getJobUpdate start
[22:05:23] getJobUpdate finished
[22:05:24] getJobUpdate start
[22:05:24] getJobUpdate finished
[22:05:24] getJobUpdate start
[22:05:24] getJobUpdate finished
[22:05:24] getJobUpdate start
[22:05:24] getJobUpdate finished
[22:05:25] getJobUpdate start
[22:05:25] getJobUpdate finished
[22:05:25] getJobUpdate start
[22:05:25] getJobUpdate finished
[22:05:25] getJobUpdate start
[22:05:25] getJobUpdate finished
[22:05:26] getJobUpdate start
[22:05:26] getJobUpdate finished
[22:05:26] getJobUpdate start
[22:05:26] getJobUpdate finished
[22:05:26] getJobUpdate start
[22:05:26] getJobUpdate finished
[22:05:26] getJobUpdate start
[22:05:27] getJobUpdate finished
[22:05:27] getJobUpdate start
[22:05:27] getJobUpdate finished
[22:05:27] getJobUpdate start
[22:05:27] getJobUpdate finished
[22:05:27] getJobUpdate start
[22:05:27] getJobUpdate finished
[22:05:28] getJobUpdate start
[22:05:28] getJobUpdate finished
[22:05:28] getJobUpdate start
[22:05:28] getJobUpdate finished
[22:05:28] getJobUpdate start
[22:05:28] getJobUpdate finished
[22:05:29] getJobUpdate start
[22:05:29] getJobUpdate finished
[22:05:29] getJobUpdate start
[22:05:29] getJobUpdate finished
[22:05:29] getJobUpdate start
[22:05:29] getJobUpdate finished
[22:05:30] getJobUpdate start
[22:05:30] getJobUpdate finished
[22:05:30] getJobUpdate start
[22:05:30] getJobUpdate finished
[22:05:30] getJobUpdate start
[22:05:30] getJobUpdate finished
[22:05:31] getJobUpdate start
[22:05:31] getJobUpdate finished
[22:05:31] getJobUpdate start
[22:05:31] getJobUpdate finished
[22:05:31] getJobUpdate start
[22:05:31] getJobUpdate finished
[22:05:32] getJobUpdate start
[22:05:32] getJobUpdate finished
[22:05:32] getJobUpdate start
[22:05:32] getJobUpdate finished
[22:05:33] getJobUpdate start
[22:05:33] getJobUpdate finished
[22:05:33] getJobUpdate start
[22:05:33] getJobUpdate finished
[22:05:33] getJobUpdate start
[22:05:33] getJobUpdate finished
[22:05:34] getJobUpdate start
[22:05:34] getJobUpdate finished
[22:05:34] getJobUpdate start
[22:05:34] getJobUpdate finished
[22:05:34] getJobUpdate start
[22:05:34] getJobUpdate finished
[22:05:35] getJobUpdate start
[22:05:35] getJobUpdate finished
[22:05:35] getJobUpdate start
[22:05:35] getJobUpdate finished
[22:05:36] getJobUpdate start
[22:05:36] getJobUpdate finished
[22:05:36] getJobUpdate start
[22:05:36] getJobUpdate finished
[22:05:36] getJobUpdate start
[22:05:36] getJobUpdate finished
[22:05:37] getJobUpdate start
[22:05:37] getJobUpdate finished
[22:05:37] getJobUpdate start
[22:05:37] getJobUpdate finished
[22:05:37] getJobUpdate start
[22:05:37] getJobUpdate finished
[22:05:38] getJobUpdate start
[22:05:38] getJobUpdate finished
[22:05:38] getJobUpdate start
[22:05:38] getJobUpdate finished
[22:05:38] getJobUpdate start
[22:05:38] getJobUpdate finished
[22:05:39] getJobUpdate start
[22:05:39] getJobUpdate finished
[22:05:39] getJobUpdate start
[22:05:39] getJobUpdate finished
[22:05:39] getJobUpdate start
[22:05:39] getJobUpdate finished
[22:05:40] getJobUpdate start
[22:05:40] getJobUpdate finished
[22:05:40] getJobUpdate start
[22:05:40] getJobUpdate finished
[22:05:40] getJobUpdate start
[22:05:40] getJobUpdate finished
[22:05:41] getJobUpdate start
[22:05:41] getJobUpdate finished
[22:05:41] getJobUpdate start
[22:05:41] getJobUpdate finished
[22:05:41] getJobUpdate start
[22:05:42] getJobUpdate finished
[22:05:42] getJobUpdate start
[22:05:42] getJobUpdate finished
[22:05:42] getJobUpdate start
[22:05:42] getJobUpdate finished
[22:05:42] getJobUpdate start
[22:05:42] getJobUpdate finished
[22:05:43] getJobUpdate start
[22:05:43] getJobUpdate finished
[22:05:43] getJobUpdate start
[22:05:43] getJobUpdate finished
[22:05:43] getJobUpdate start
[22:05:43] getJobUpdate finished
[22:05:44] getJobUpdate start
[22:05:44] getJobUpdate finished
[22:05:44] getJobUpdate start
[22:05:44] getJobUpdate finished
[22:05:44] getJobUpdate start
[22:05:44] getJobUpdate finished
[22:05:45] getJobUpdate start
[22:05:45] getJobUpdate finished
[22:05:45] getJobUpdate start
[22:05:45] getJobUpdate finished
[22:05:45] getJobUpdate start
[22:05:45] getJobUpdate finished
[22:05:46] getJobUpdate start
[22:05:46] getJobUpdate finished
[22:05:46] getJobUpdate start
[22:05:46] getJobUpdate finished
[22:05:46] getJobUpdate start
[22:05:46] getJobUpdate finished
[22:05:47] getJobUpdate start
[22:05:47] getJobUpdate finished
[22:05:47] getJobUpdate start
[22:05:47] getJobUpdate finished
[22:05:47] getJobUpdate start
[22:05:47] getJobUpdate finished
[22:05:48] getJobUpdate start
[22:05:48] getJobUpdate finished
[22:05:48] getJobUpdate start
[22:05:48] getJobUpdate finished
[22:05:48] getJobUpdate start
[22:05:48] getJobUpdate finished
[22:05:49] getJobUpdate start
[22:05:49] getJobUpdate finished
[22:05:49] getJobUpdate start
[22:05:49] getJobUpdate finished
[22:05:49] getJobUpdate start
[22:05:49] getJobUpdate finished
[22:05:50] getJobUpdate start
[22:05:50] getJobUpdate finished
[22:05:50] getJobUpdate start
[22:05:50] getJobUpdate finished
[22:05:50] getJobUpdate start
[22:05:50] getJobUpdate finished
[22:05:50] getJobUpdate start
[22:05:51] getJobUpdate finished
[22:05:51] getJobUpdate start
[22:05:51] getJobUpdate finished
[22:05:51] getJobUpdate start
[22:05:51] getJobUpdate finished
[22:05:51] getJobUpdate start
[22:05:51] getJobUpdate finished
[22:05:52] getJobUpdate start
[22:05:52] getJobUpdate finished
[22:05:52] getJobUpdate start
[22:05:52] getJobUpdate finished
[22:05:52] getJobUpdate start
[22:05:52] getJobUpdate finished
[22:05:53] getJobUpdate start
[22:05:53] getJobUpdate finished
[22:05:53] getJobUpdate start
[22:05:53] getJobUpdate finished
[22:05:53] getJobUpdate start
[22:05:53] getJobUpdate finished
[22:05:54] getJobUpdate start
[22:05:54] getJobUpdate finished
[22:05:54] getJobUpdate start
[22:05:54] getJobUpdate finished
[22:05:54] getJobUpdate start
[22:05:54] getJobUpdate finished
[22:05:55] getJobUpdate start
[22:05:55] getJobUpdate finished
[22:05:55] getJobUpdate start
[22:05:55] getJobUpdate finished
[22:05:55] getJobUpdate start
[22:05:55] getJobUpdate finished
[22:05:56] getJobUpdate start
[22:05:56] getJobUpdate finished
[22:05:56] getJobUpdate start
[22:05:56] getJobUpdate finished
[22:05:56] getJobUpdate start
[22:05:56] getJobUpdate finished
[22:05:56] getJobUpdate start
[22:05:56] getJobUpdate finished
[22:05:57] getJobUpdate start
[22:05:57] getJobUpdate finished
[22:05:57] getJobUpdate start
[22:05:57] getJobUpdate finished
[22:05:57] getJobUpdate start
[22:05:57] getJobUpdate finished
[22:05:58] getJobUpdate start
[22:05:58] getJobUpdate finished
[22:05:58] getJobUpdate start
[22:05:58] getJobUpdate finished
[22:05:58] getJobUpdate start
[22:05:58] getJobUpdate finished
[22:05:59] getJobUpdate start
[22:05:59] getJobUpdate finished
[22:05:59] getJobUpdate start
[22:05:59] getJobUpdate finished
[22:05:59] getJobUpdate start
[22:05:59] getJobUpdate finished
[22:06:00] getJobUpdate start
[22:06:00] getJobUpdate finished
[22:06:00] getJobUpdate start
[22:06:00] getJobUpdate finished
[22:06:00] getJobUpdate start
[22:06:00] getJobUpdate finished
[22:06:01] getJobUpdate start
[22:06:01] getJobUpdate finished
[22:06:01] getJobUpdate start
[22:06:01] getJobUpdate finished
[22:06:01] getJobUpdate start
[22:06:01] getJobUpdate finished
[22:06:02] getJobUpdate start
[22:06:02] getJobUpdate finished
[22:06:02] getJobUpdate start
[22:06:02] getJobUpdate finished
[22:06:02] getJobUpdate start
[22:06:02] getJobUpdate finished
[22:06:03] getJobUpdate start
[22:06:03] getJobUpdate finished
[22:06:03] getJobUpdate start
[22:06:03] getJobUpdate finished
[22:06:03] getJobUpdate start
[22:06:03] getJobUpdate finished
[22:06:04] getJobUpdate start
[22:06:04] getJobUpdate finished
[22:06:04] getJobUpdate start
[22:06:04] getJobUpdate finished
[22:06:05] getJobUpdate start
[22:06:05] getJobUpdate finished
[22:06:05] getJobUpdate start
[22:06:05] getJobUpdate finished
[22:06:05] getJobUpdate start
[22:06:05] getJobUpdate finished
[22:06:06] getJobUpdate start
[22:06:06] getJobUpdate finished
[22:06:06] getJobUpdate start
[22:06:06] getJobUpdate finished
[22:06:06] getJobUpdate start
[22:06:06] getJobUpdate finished
[22:06:07] getJobUpdate start
[22:06:07] getJobUpdate finished
[22:06:07] getJobUpdate start
[22:06:07] getJobUpdate finished
[22:06:07] getJobUpdate start
[22:06:07] getJobUpdate finished
[22:06:08] getJobUpdate start
[22:06:08] getJobUpdate finished
[22:06:08] getJobUpdate start
[22:06:08] getJobUpdate finished
[22:06:08] getJobUpdate start
[22:06:08] getJobUpdate finished
[22:06:09] getJobUpdate start
[22:06:09] getJobUpdate finished
[22:06:09] getJobUpdate start
[22:06:09] getJobUpdate finished
[22:06:09] getJobUpdate start
[22:06:09] getJobUpdate finished
[22:06:10] getJobUpdate start
[22:06:10] getJobUpdate finished
[22:06:10] getJobUpdate start
[22:06:10] getJobUpdate finished
[22:06:10] getJobUpdate start
[22:06:10] getJobUpdate finished
[22:06:11] getJobUpdate start
[22:06:11] getJobUpdate finished
[22:06:11] getJobUpdate start
[22:06:11] getJobUpdate finished
[22:06:11] getJobUpdate start
[22:06:11] getJobUpdate finished
[22:06:14] getJobUpdate start
[22:06:14] getJobUpdate finished
[22:06:14] getJobUpdate start
[22:06:14] getJobUpdate finished
[22:06:14] getJobUpdate start
[22:06:14] getJobUpdate finished
[22:06:14] getJobUpdate start
[22:06:14] getJobUpdate finished
[22:06:15] getJobUpdate start
[22:06:15] getJobUpdate finished
[22:06:15] getJobUpdate start
[22:06:15] getJobUpdate finished
[22:06:15] getJobUpdate start
[22:06:15] getJobUpdate finished
[22:06:16] getJobUpdate start
[22:06:16] getJobUpdate finished
[22:06:16] getJobUpdate start
[22:06:16] getJobUpdate finished
[22:06:16] getJobUpdate start
[22:06:16] getJobUpdate finished
[22:06:17] getJobUpdate start
[22:06:17] getJobUpdate finished
[22:06:17] getJobUpdate start
[22:06:17] getJobUpdate finished
[22:06:17] getJobUpdate start
[22:06:17] getJobUpdate finished
[22:06:18] getJobUpdate start
[22:06:18] getJobUpdate finished
[22:06:18] getJobUpdate start
[22:06:18] getJobUpdate finished
[22:06:19] getJobUpdate start
[22:06:19] getJobUpdate finished
[22:06:19] getJobUpdate start
[22:06:19] getJobUpdate finished
[22:06:19] getJobUpdate start
[22:06:19] getJobUpdate finished
[22:06:20] getJobUpdate start
[22:06:20] getJobUpdate finished
[22:06:21] NewRectTube/Design 1_2/Scenario 1 solver finished at Sat 1. Dec 22:06:21 2018 on DESKTOP-7GSFCRT with code = 0
[22:06:21] Analysis::importSolverFiles = 0.022 sec
[22:06:21] VizDataInterface::getBoundaryFEData = 0.015 sec
[22:06:21] VizDataInterface::setupWallOutlineData = 0.001 sec
[22:06:21] NewRectTube/Design 1_2/Scenario 1 job finished at Sat 1. Dec 22:06:21 2018 on DESKTOP-7GSFCRT
[22:33:12] CFD Motion is not authorized, nothing to release
[22:34:48] ### Critical: source\clt_job_submitter.cpp 818
The Scenario cannot run because a part has an unassigned material setting
[22:35:17] Analysis::writeGBIFile = 0 sec
[22:35:17] Analysis::exportJobFiles = 0.008 sec
[22:35:17] NewRectTube/Design 1_3/Scenario 1 job started at Sat 1. Dec 22:35:17 2018 on DESKTOP-7GSFCRT
[22:35:17] NewRectTube/Design 1_3/Scenario 1 mesher started at Sat 1. Dec 22:35:17 2018 on DESKTOP-7GSFCRT
[22:35:19] NewRectTube/Design 1_3/Scenario 1 mesher finished at Sat 1. Dec 22:35:19 2018 on DESKTOP-7GSFCRT with code = 0
[22:35:19] Analysis::importMesherFiles = 0.002 sec
[22:35:19] CADModel::loadGeometryDatabase = 0.09 sec
[22:35:19] Mesher finished copying files
[22:35:19] NewRectTube/Design 1_3/Scenario 1 solver started at Sat 1. Dec 22:35:19 2018 on DESKTOP-7GSFCRT
[22:35:22] getJobUpdate start
[22:35:22] VizDataInterface::getBoundaryFEData = 0.015 sec
[22:35:22] VizDataInterface::setupWallOutlineData = 0.002 sec
[22:35:22] VizDataInterface::getBoundaryFEData = 0.014 sec
[22:35:22] VizDataInterface::setupWallOutlineData = 0.002 sec
[22:35:22] getJobUpdate finished
[22:35:23] getJobUpdate start
[22:35:23] getJobUpdate finished
[22:35:23] getJobUpdate start
[22:35:23] getJobUpdate finished
[22:35:23] getJobUpdate start
[22:35:23] getJobUpdate finished
[22:35:24] getJobUpdate start
[22:35:24] getJobUpdate finished
[22:35:24] getJobUpdate start
[22:35:24] getJobUpdate finished
[22:35:24] getJobUpdate start
[22:35:25] getJobUpdate finished
[22:35:25] getJobUpdate start
[22:35:25] getJobUpdate finished
[22:35:25] getJobUpdate start
[22:35:25] getJobUpdate finished
[22:35:26] getJobUpdate start
[22:35:26] getJobUpdate finished
[22:35:26] getJobUpdate start
[22:35:26] getJobUpdate finished
[22:35:27] getJobUpdate start
[22:35:27] getJobUpdate finished
[22:35:27] getJobUpdate start
[22:35:27] getJobUpdate finished
[22:35:28] getJobUpdate start
[22:35:28] getJobUpdate finished
[22:35:28] getJobUpdate start
[22:35:28] getJobUpdate finished
[22:35:29] getJobUpdate start
[22:35:29] getJobUpdate finished
[22:35:29] getJobUpdate start
[22:35:29] getJobUpdate finished
[22:35:29] getJobUpdate start
[22:35:30] getJobUpdate finished
[22:35:30] getJobUpdate start
[22:35:30] getJobUpdate finished
[22:35:30] getJobUpdate start
[22:35:30] getJobUpdate finished
[22:35:31] getJobUpdate start
[22:35:31] getJobUpdate finished
[22:35:31] getJobUpdate start
[22:35:31] getJobUpdate finished
[22:35:32] getJobUpdate start
[22:35:32] getJobUpdate finished
[22:35:32] getJobUpdate start
[22:35:32] getJobUpdate finished
[22:35:33] getJobUpdate start
[22:35:33] getJobUpdate finished
[22:35:33] getJobUpdate start
[22:35:33] getJobUpdate finished
[22:35:34] getJobUpdate start
[22:35:34] getJobUpdate finished
[22:35:34] getJobUpdate start
[22:35:34] getJobUpdate finished
[22:35:35] getJobUpdate start
[22:35:35] getJobUpdate finished
[22:35:35] getJobUpdate start
[22:35:35] getJobUpdate finished
[22:35:36] getJobUpdate start
[22:35:36] getJobUpdate finished
[22:35:36] getJobUpdate start
[22:35:36] getJobUpdate finished
[22:35:36] getJobUpdate start
[22:35:36] getJobUpdate finished
[22:35:37] getJobUpdate start
[22:35:37] getJobUpdate finished
[22:35:37] getJobUpdate start
[22:35:37] getJobUpdate finished
[22:35:38] getJobUpdate start
[22:35:38] getJobUpdate finished
[22:35:38] getJobUpdate start
[22:35:38] getJobUpdate finished
[22:35:39] getJobUpdate start
[22:35:39] getJobUpdate finished
[22:35:39] getJobUpdate start
[22:35:39] getJobUpdate finished
[22:35:40] getJobUpdate start
[22:35:40] getJobUpdate finished
[22:35:40] getJobUpdate start
[22:35:40] getJobUpdate finished
[22:35:41] getJobUpdate start
[22:35:41] getJobUpdate finished
[22:35:41] getJobUpdate start
[22:35:41] getJobUpdate finished
[22:35:41] getJobUpdate start
[22:35:41] getJobUpdate finished
[22:35:42] getJobUpdate start
[22:35:42] getJobUpdate finished
[22:35:42] getJobUpdate start
[22:35:42] getJobUpdate finished
[22:35:43] getJobUpdate start
[22:35:43] getJobUpdate finished
[22:35:43] getJobUpdate start
[22:35:43] getJobUpdate finished
[22:35:44] getJobUpdate start
[22:35:44] getJobUpdate finished
[22:35:44] getJobUpdate start
[22:35:44] getJobUpdate finished
[22:35:45] getJobUpdate start
[22:35:45] getJobUpdate finished
[22:35:45] getJobUpdate start
[22:35:45] getJobUpdate finished
[22:35:46] getJobUpdate start
[22:35:46] getJobUpdate finished
[22:35:46] getJobUpdate start
[22:35:46] getJobUpdate finished
[22:35:47] getJobUpdate start
[22:35:47] getJobUpdate finished
[22:35:47] getJobUpdate start
[22:35:47] getJobUpdate finished
[22:35:47] getJobUpdate start
[22:35:47] getJobUpdate finished
[22:35:48] getJobUpdate start
[22:35:48] getJobUpdate finished
[22:35:49] getJobUpdate start
[22:35:49] getJobUpdate finished
[22:35:49] getJobUpdate start
[22:35:49] getJobUpdate finished
[22:35:49] getJobUpdate start
[22:35:49] getJobUpdate finished
[22:35:50] getJobUpdate start
[22:35:50] getJobUpdate finished
[22:35:50] getJobUpdate start
[22:35:50] getJobUpdate finished
[22:35:51] getJobUpdate start
[22:35:51] getJobUpdate finished
[22:35:51] getJobUpdate start
[22:35:51] getJobUpdate finished
[22:35:52] getJobUpdate start
[22:35:52] getJobUpdate finished
[22:35:52] getJobUpdate start
[22:35:52] getJobUpdate finished
[22:35:53] getJobUpdate start
[22:35:53] getJobUpdate finished
[22:35:53] getJobUpdate start
[22:35:53] getJobUpdate finished
[22:35:53] getJobUpdate start
[22:35:53] getJobUpdate finished
[22:35:54] getJobUpdate start
[22:35:54] getJobUpdate finished
[22:35:54] getJobUpdate start
[22:35:54] getJobUpdate finished
[22:35:55] getJobUpdate start
[22:35:55] getJobUpdate finished
[22:35:55] getJobUpdate start
[22:35:55] getJobUpdate finished
[22:35:56] getJobUpdate start
[22:35:56] getJobUpdate finished
[22:35:56] getJobUpdate start
[22:35:56] getJobUpdate finished
[22:35:57] getJobUpdate start
[22:35:57] getJobUpdate finished
[22:35:57] getJobUpdate start
[22:35:57] getJobUpdate finished
[22:35:57] getJobUpdate start
[22:35:57] getJobUpdate finished
[22:35:58] getJobUpdate start
[22:35:58] getJobUpdate finished
[22:35:58] getJobUpdate start
[22:35:58] getJobUpdate finished
[22:35:59] getJobUpdate start
[22:35:59] getJobUpdate finished
[22:35:59] getJobUpdate start
[22:35:59] getJobUpdate finished
[22:36:00] getJobUpdate start
[22:36:00] getJobUpdate finished
[22:36:00] getJobUpdate start
[22:36:00] getJobUpdate finished
[22:36:00] getJobUpdate start
[22:36:01] getJobUpdate finished
[22:36:01] getJobUpdate start
[22:36:01] getJobUpdate finished
[22:36:01] getJobUpdate start
[22:36:01] getJobUpdate finished
[22:36:02] getJobUpdate start
[22:36:02] getJobUpdate finished
[22:36:02] getJobUpdate start
[22:36:02] getJobUpdate finished
[22:36:03] getJobUpdate start
[22:36:03] getJobUpdate finished
[22:36:03] getJobUpdate start
[22:36:03] getJobUpdate finished
[22:36:04] getJobUpdate start
[22:36:04] getJobUpdate finished
[22:36:04] getJobUpdate start
[22:36:04] getJobUpdate finished
[22:36:04] getJobUpdate start
[22:36:05] getJobUpdate finished
[22:36:05] getJobUpdate start
[22:36:05] getJobUpdate finished
[22:36:05] getJobUpdate start
[22:36:05] getJobUpdate finished
[22:36:06] getJobUpdate start
[22:36:06] getJobUpdate finished
[22:36:06] getJobUpdate start
[22:36:06] getJobUpdate finished
[22:36:07] getJobUpdate start
[22:36:07] getJobUpdate finished
[22:36:07] getJobUpdate start
[22:36:07] getJobUpdate finished
[22:36:08] getJobUpdate start
[22:36:08] getJobUpdate finished
[22:36:08] getJobUpdate start
[22:36:08] getJobUpdate finished
[22:36:08] getJobUpdate start
[22:36:09] getJobUpdate finished
[22:36:09] getJobUpdate start
[22:36:09] getJobUpdate finished
[22:36:09] getJobUpdate start
[22:36:09] getJobUpdate finished
[22:36:10] getJobUpdate start
[22:36:10] getJobUpdate finished
[22:36:10] getJobUpdate start
[22:36:10] getJobUpdate finished
[22:36:11] getJobUpdate start
[22:36:11] getJobUpdate finished
[22:36:11] getJobUpdate start
[22:36:11] getJobUpdate finished
[22:36:12] getJobUpdate start
[22:36:12] getJobUpdate finished
[22:36:12] getJobUpdate start
[22:36:12] getJobUpdate finished
[22:36:12] getJobUpdate start
[22:36:13] getJobUpdate finished
[22:36:13] getJobUpdate start
[22:36:13] getJobUpdate finished
[22:36:13] getJobUpdate start
[22:36:13] getJobUpdate finished
[22:36:14] getJobUpdate start
[22:36:14] getJobUpdate finished
[22:36:14] getJobUpdate start
[22:36:14] getJobUpdate finished
[22:36:15] getJobUpdate start
[22:36:15] getJobUpdate finished
[22:36:15] getJobUpdate start
[22:36:15] getJobUpdate finished
[22:36:16] getJobUpdate start
[22:36:16] getJobUpdate finished
[22:36:16] getJobUpdate start
[22:36:16] getJobUpdate finished
[22:36:16] getJobUpdate start
[22:36:16] getJobUpdate finished
[22:36:17] getJobUpdate start
[22:36:17] getJobUpdate finished
[22:36:17] getJobUpdate start
[22:36:17] getJobUpdate finished
[22:36:18] getJobUpdate start
[22:36:18] getJobUpdate finished
[22:36:18] getJobUpdate start
[22:36:18] getJobUpdate finished
[22:36:19] getJobUpdate start
[22:36:19] getJobUpdate finished
[22:36:19] getJobUpdate start
[22:36:19] getJobUpdate finished
[22:36:19] getJobUpdate start
[22:36:19] getJobUpdate finished
[22:36:20] getJobUpdate start
[22:36:20] getJobUpdate finished
[22:36:20] getJobUpdate start
[22:36:20] getJobUpdate finished
[22:36:21] getJobUpdate start
[22:36:21] getJobUpdate finished
[22:36:21] getJobUpdate start
[22:36:21] getJobUpdate finished
[22:36:22] getJobUpdate start
[22:36:22] getJobUpdate finished
[22:36:22] getJobUpdate start
[22:36:22] getJobUpdate finished
[22:36:23] getJobUpdate start
[22:36:23] getJobUpdate finished
[22:36:23] getJobUpdate start
[22:36:23] getJobUpdate finished
[22:36:23] getJobUpdate start
[22:36:23] getJobUpdate finished
[22:36:24] getJobUpdate start
[22:36:24] getJobUpdate finished
[22:36:24] getJobUpdate start
[22:36:24] getJobUpdate finished
[22:36:25] getJobUpdate start
[22:36:25] getJobUpdate finished
[22:36:25] getJobUpdate start
[22:36:25] getJobUpdate finished
[22:36:26] getJobUpdate start
[22:36:26] getJobUpdate finished
[22:36:26] getJobUpdate start
[22:36:26] getJobUpdate finished
[22:36:26] getJobUpdate start
[22:36:26] getJobUpdate finished
[22:36:27] getJobUpdate start
[22:36:27] getJobUpdate finished
[22:36:27] getJobUpdate start
[22:36:27] getJobUpdate finished
[22:36:28] getJobUpdate start
[22:36:28] getJobUpdate finished
[22:36:28] getJobUpdate start
[22:36:28] getJobUpdate finished
[22:36:29] getJobUpdate start
[22:36:29] getJobUpdate finished
[22:36:29] getJobUpdate start
[22:36:29] getJobUpdate finished
[22:36:29] getJobUpdate start
[22:36:29] getJobUpdate finished
[22:36:30] getJobUpdate start
[22:36:30] getJobUpdate finished
[22:36:30] getJobUpdate start
[22:36:30] getJobUpdate finished
[22:36:31] getJobUpdate start
[22:36:31] getJobUpdate finished
[22:36:31] getJobUpdate start
[22:36:31] getJobUpdate finished
[22:36:32] getJobUpdate start
[22:36:32] getJobUpdate finished
[22:36:32] getJobUpdate start
[22:36:32] getJobUpdate finished
[22:36:32] getJobUpdate start
[22:36:33] getJobUpdate finished
[22:36:33] getJobUpdate start
[22:36:33] getJobUpdate finished
[22:36:33] getJobUpdate start
[22:36:33] getJobUpdate finished
[22:36:34] getJobUpdate start
[22:36:34] getJobUpdate finished
[22:36:34] getJobUpdate start
[22:36:34] getJobUpdate finished
[22:36:35] getJobUpdate start
[22:36:35] getJobUpdate finished
[22:36:35] getJobUpdate start
[22:36:35] getJobUpdate finished
[22:36:35] getJobUpdate start
[22:36:36] getJobUpdate finished
[22:36:36] getJobUpdate start
[22:36:36] getJobUpdate finished
[22:36:36] getJobUpdate start
[22:36:36] getJobUpdate finished
[22:36:37] getJobUpdate start
[22:36:37] getJobUpdate finished
[22:36:37] getJobUpdate start
[22:36:37] getJobUpdate finished
[22:36:38] getJobUpdate start
[22:36:38] getJobUpdate finished
[22:36:38] getJobUpdate start
[22:36:38] getJobUpdate finished
[22:36:38] getJobUpdate start
[22:36:39] getJobUpdate finished
[22:36:39] getJobUpdate start
[22:36:39] getJobUpdate finished
[22:36:39] getJobUpdate start
[22:36:39] getJobUpdate finished
[22:36:40] getJobUpdate start
[22:36:40] getJobUpdate finished
[22:36:40] getJobUpdate start
[22:36:40] getJobUpdate finished
[22:36:41] getJobUpdate start
[22:36:41] getJobUpdate finished
[22:36:41] getJobUpdate start
[22:36:41] getJobUpdate finished
[22:36:42] getJobUpdate start
[22:36:42] getJobUpdate finished
[22:36:42] getJobUpdate start
[22:36:42] getJobUpdate finished
[22:36:42] getJobUpdate start
[22:36:42] getJobUpdate finished
[22:36:43] getJobUpdate start
[22:36:43] getJobUpdate finished
[22:36:43] getJobUpdate start
[22:36:43] getJobUpdate finished
[22:36:44] getJobUpdate start
[22:36:44] getJobUpdate finished
[22:36:44] getJobUpdate start
[22:36:44] getJobUpdate finished
[22:36:45] getJobUpdate start
[22:36:45] getJobUpdate finished
[22:36:45] getJobUpdate start
[22:36:45] getJobUpdate finished
[22:36:45] getJobUpdate start
[22:36:45] getJobUpdate finished
[22:36:46] getJobUpdate start
[22:36:46] getJobUpdate finished
[22:36:46] getJobUpdate start
[22:36:46] getJobUpdate finished
[22:36:47] getJobUpdate start
[22:36:47] getJobUpdate finished
[22:36:47] getJobUpdate start
[22:36:47] getJobUpdate finished
[22:36:48] getJobUpdate start
[22:36:48] getJobUpdate finished
[22:36:48] getJobUpdate start
[22:36:48] getJobUpdate finished
[22:36:48] getJobUpdate start
[22:36:48] getJobUpdate finished
[22:36:49] getJobUpdate start
[22:36:49] getJobUpdate finished
[22:36:49] getJobUpdate start
[22:36:49] getJobUpdate finished
[22:36:50] getJobUpdate start
[22:36:50] getJobUpdate finished
[22:36:50] getJobUpdate start
[22:36:50] getJobUpdate finished
[22:36:51] getJobUpdate start
[22:36:51] getJobUpdate finished
[22:36:51] getJobUpdate start
[22:36:51] getJobUpdate finished
[22:36:52] getJobUpdate start
[22:36:52] getJobUpdate finished
[22:36:52] getJobUpdate start
[22:36:52] getJobUpdate finished
[22:36:52] getJobUpdate start
[22:36:52] getJobUpdate finished
[22:36:53] getJobUpdate start
[22:36:53] getJobUpdate finished
[22:36:53] getJobUpdate start
[22:36:53] getJobUpdate finished
[22:36:54] getJobUpdate start
[22:36:54] getJobUpdate finished
[22:36:54] getJobUpdate start
[22:36:54] getJobUpdate finished
[22:36:55] getJobUpdate start
[22:36:55] getJobUpdate finished
[22:36:55] getJobUpdate start
[22:36:55] getJobUpdate finished
[22:36:55] getJobUpdate start
[22:36:55] getJobUpdate finished
[22:36:56] getJobUpdate start
[22:36:56] getJobUpdate finished
[22:36:56] getJobUpdate start
[22:36:56] getJobUpdate finished
[22:36:57] getJobUpdate start
[22:36:57] getJobUpdate finished
[22:36:57] getJobUpdate start
[22:36:57] getJobUpdate finished
[22:36:58] getJobUpdate start
[22:36:58] getJobUpdate finished
[22:36:58] getJobUpdate start
[22:36:58] getJobUpdate finished
[22:36:58] getJobUpdate start
[22:36:58] getJobUpdate finished
[22:36:59] getJobUpdate start
[22:36:59] getJobUpdate finished
[22:36:59] getJobUpdate start
[22:36:59] getJobUpdate finished
[22:37:00] getJobUpdate start
[22:37:00] getJobUpdate finished
[22:37:00] getJobUpdate start
[22:37:00] getJobUpdate finished
[22:37:00] getJobUpdate start
[22:37:01] getJobUpdate finished
[22:37:01] getJobUpdate start
[22:37:01] getJobUpdate finished
[22:37:01] getJobUpdate start
[22:37:01] getJobUpdate finished
[22:37:02] getJobUpdate start
[22:37:02] getJobUpdate finished
[22:37:02] getJobUpdate start
[22:37:02] getJobUpdate finished
[22:37:03] getJobUpdate start
[22:37:03] getJobUpdate finished
[22:37:03] getJobUpdate start
[22:37:03] getJobUpdate finished
[22:37:03] getJobUpdate start
[22:37:03] getJobUpdate finished
[22:37:04] getJobUpdate start
[22:37:04] getJobUpdate finished
[22:37:04] getJobUpdate start
[22:37:04] getJobUpdate finished
[22:37:05] getJobUpdate start
[22:37:05] getJobUpdate finished
[22:37:05] getJobUpdate start
[22:37:05] getJobUpdate finished
[22:37:06] getJobUpdate start
[22:37:06] getJobUpdate finished
[22:37:06] getJobUpdate start
[22:37:06] getJobUpdate finished
[22:37:06] getJobUpdate start
[22:37:07] getJobUpdate finished
[22:37:07] getJobUpdate start
[22:37:07] getJobUpdate finished
[22:37:07] getJobUpdate start
[22:37:07] getJobUpdate finished
[22:37:08] getJobUpdate start
[22:37:08] getJobUpdate finished
[22:37:08] getJobUpdate start
[22:37:08] getJobUpdate finished
[22:37:09] getJobUpdate start
[22:37:09] getJobUpdate finished
[22:37:09] getJobUpdate start
[22:37:09] getJobUpdate finished
[22:37:10] getJobUpdate start
[22:37:10] getJobUpdate finished
[22:37:10] getJobUpdate start
[22:37:10] getJobUpdate finished
[22:37:10] getJobUpdate start
[22:37:10] getJobUpdate finished
[22:37:11] getJobUpdate start
[22:37:11] getJobUpdate finished
[22:37:11] getJobUpdate start
[22:37:11] getJobUpdate finished
[22:37:12] getJobUpdate start
[22:37:12] getJobUpdate finished
[22:37:12] getJobUpdate start
[22:37:12] getJobUpdate finished
[22:37:12] getJobUpdate start
[22:37:12] getJobUpdate finished
[22:37:13] getJobUpdate start
[22:37:13] getJobUpdate finished
[22:37:13] getJobUpdate start
[22:37:13] getJobUpdate finished
[22:37:14] getJobUpdate start
[22:37:14] getJobUpdate finished
[22:37:14] getJobUpdate start
[22:37:14] getJobUpdate finished
[22:37:15] getJobUpdate start
[22:37:15] getJobUpdate finished
[22:37:15] getJobUpdate start
[22:37:15] getJobUpdate finished
[22:37:15] getJobUpdate start
[22:37:15] getJobUpdate finished
[22:37:16] getJobUpdate start
[22:37:16] getJobUpdate finished
[22:37:16] getJobUpdate start
[22:37:16] getJobUpdate finished
[22:37:17] getJobUpdate start
[22:37:17] getJobUpdate finished
[22:37:17] getJobUpdate start
[22:37:17] getJobUpdate finished
[22:37:18] getJobUpdate start
[22:37:18] getJobUpdate finished
[22:37:18] getJobUpdate start
[22:37:18] getJobUpdate finished
[22:37:18] getJobUpdate start
[22:37:18] getJobUpdate finished
[22:37:19] getJobUpdate start
[22:37:19] getJobUpdate finished
[22:37:19] getJobUpdate start
[22:37:19] getJobUpdate finished
[22:37:20] getJobUpdate start
[22:37:20] getJobUpdate finished
[22:37:20] getJobUpdate start
[22:37:20] getJobUpdate finished
[22:37:21] getJobUpdate start
[22:37:21] getJobUpdate finished
[22:37:21] getJobUpdate start
[22:37:21] getJobUpdate finished
[22:37:21] getJobUpdate start
[22:37:21] getJobUpdate finished
[22:37:22] getJobUpdate start
[22:37:22] getJobUpdate finished
[22:37:22] getJobUpdate start
[22:37:22] getJobUpdate finished
[22:37:23] getJobUpdate start
[22:37:23] getJobUpdate finished
[22:37:23] getJobUpdate start
[22:37:23] getJobUpdate finished
[22:37:24] getJobUpdate start
[22:37:24] getJobUpdate finished
[22:37:24] getJobUpdate start
[22:37:24] getJobUpdate finished
[22:37:25] getJobUpdate start
[22:37:25] getJobUpdate finished
[22:37:25] getJobUpdate start
[22:37:25] getJobUpdate finished
[22:37:26] getJobUpdate start
[22:37:26] getJobUpdate finished
[22:37:26] getJobUpdate start
[22:37:26] getJobUpdate finished
[22:37:27] getJobUpdate start
[22:37:27] getJobUpdate finished
[22:37:28] getJobUpdate start
[22:37:28] getJobUpdate finished
[22:37:28] getJobUpdate start
[22:37:28] getJobUpdate finished
[22:37:28] getJobUpdate start
[22:37:28] getJobUpdate finished
[22:37:29] getJobUpdate start
[22:37:29] getJobUpdate finished
[22:37:29] getJobUpdate start
[22:37:29] getJobUpdate finished
[22:37:30] getJobUpdate start
[22:37:30] getJobUpdate finished
[22:37:30] getJobUpdate start
[22:37:30] getJobUpdate finished
[22:37:30] getJobUpdate start
[22:37:30] getJobUpdate finished
[22:37:31] NewRectTube/Design 1_3/Scenario 1 solver finished at Sat 1. Dec 22:37:31 2018 on DESKTOP-7GSFCRT with code = 0
[22:37:31] Analysis::importSolverFiles = 0.018 sec
[22:37:31] VizDataInterface::getBoundaryFEData = 0.015 sec
[22:37:31] VizDataInterface::setupWallOutlineData = 0.002 sec
[22:37:31] NewRectTube/Design 1_3/Scenario 1 job finished at Sat 1. Dec 22:37:31 2018 on DESKTOP-7GSFCRT
[22:41:23] Analysis::writeGBIFile = 0.11 sec
[22:41:23] Analysis::exportJobFiles = 0.008 sec
[22:41:23] NewRectTube/Design 1_3/Scenario 1 job started at Sat 1. Dec 22:41:23 2018 on DESKTOP-7GSFCRT
[22:41:23] NewRectTube/Design 1_3/Scenario 1 solver started at Sat 1. Dec 22:41:23 2018 on DESKTOP-7GSFCRT
[22:41:26] getJobUpdate start
[22:41:26] CADModel::loadGeometryDatabase = 0.081 sec
[22:41:26] VizDataInterface::getBoundaryFEData = 0.021 sec
[22:41:26] VizDataInterface::setupWallOutlineData = 0.004 sec
[22:41:26] getJobUpdate finished
[22:41:26] Could not find message key: (solver, AnalyzeC, Turbulent Compressible Flow is ON)
[22:41:27] getJobUpdate start
[22:41:27] getJobUpdate finished
[22:41:27] getJobUpdate start
[22:41:28] getJobUpdate finished
[22:41:28] getJobUpdate start
[22:41:28] getJobUpdate finished
[22:41:28] getJobUpdate start
[22:41:28] getJobUpdate finished
[22:41:29] getJobUpdate start
[22:41:29] getJobUpdate finished
[22:41:29] getJobUpdate start
[22:41:29] getJobUpdate finished
[22:41:29] getJobUpdate start
[22:41:29] getJobUpdate finished
[22:41:30] getJobUpdate start
[22:41:30] getJobUpdate finished
[22:41:30] getJobUpdate start
[22:41:30] getJobUpdate finished
[22:41:31] getJobUpdate start
[22:41:31] getJobUpdate finished
[22:41:31] getJobUpdate start
[22:41:31] getJobUpdate finished
[22:41:32] getJobUpdate start
[22:41:32] getJobUpdate finished
[22:41:32] getJobUpdate start
[22:41:32] getJobUpdate finished
[22:41:32] getJobUpdate start
[22:41:32] getJobUpdate finished
[22:41:33] getJobUpdate start
[22:41:33] getJobUpdate finished
[22:41:33] getJobUpdate start
[22:41:33] getJobUpdate finished
[22:41:34] getJobUpdate start
[22:41:34] getJobUpdate finished
[22:41:34] getJobUpdate start
[22:41:34] getJobUpdate finished
[22:41:35] getJobUpdate start
[22:41:35] getJobUpdate finished
[22:41:35] getJobUpdate start
[22:41:35] getJobUpdate finished
[22:41:35] getJobUpdate start
[22:41:35] getJobUpdate finished
[22:41:36] getJobUpdate start
[22:41:36] getJobUpdate finished
[22:41:36] getJobUpdate start
[22:41:36] getJobUpdate finished
[22:41:37] getJobUpdate start
[22:41:37] getJobUpdate finished
[22:41:37] getJobUpdate start
[22:41:37] getJobUpdate finished
[22:41:38] getJobUpdate start
[22:41:38] getJobUpdate finished
[22:41:38] getJobUpdate start
[22:41:38] getJobUpdate finished
[22:41:38] getJobUpdate start
[22:41:39] getJobUpdate finished
[22:41:39] getJobUpdate start
[22:41:39] getJobUpdate finished
[22:41:39] getJobUpdate start
[22:41:39] getJobUpdate finished
[22:41:40] getJobUpdate start
[22:41:40] getJobUpdate finished
[22:41:40] getJobUpdate start
[22:41:40] getJobUpdate finished
[22:41:41] getJobUpdate start
[22:41:41] getJobUpdate finished
[22:41:41] getJobUpdate start
[22:41:41] getJobUpdate finished
[22:41:41] getJobUpdate start
[22:41:41] getJobUpdate finished
[22:41:42] getJobUpdate start
[22:41:42] getJobUpdate finished
[22:41:42] getJobUpdate start
[22:41:43] getJobUpdate finished
[22:41:43] getJobUpdate start
[22:41:43] getJobUpdate finished
[22:41:43] getJobUpdate start
[22:41:43] getJobUpdate finished
[22:41:44] getJobUpdate start
[22:41:44] getJobUpdate finished
[22:41:44] getJobUpdate start
[22:41:44] getJobUpdate finished
[22:41:45] getJobUpdate start
[22:41:45] getJobUpdate finished
[22:41:45] getJobUpdate start
[22:41:45] getJobUpdate finished
[22:41:45] getJobUpdate start
[22:41:46] getJobUpdate finished
[22:41:46] getJobUpdate start
[22:41:46] getJobUpdate finished
[22:41:46] getJobUpdate start
[22:41:46] getJobUpdate finished
[22:41:47] getJobUpdate start
[22:41:47] getJobUpdate finished
[22:41:47] getJobUpdate start
[22:41:47] getJobUpdate finished
[22:41:48] getJobUpdate start
[22:41:48] getJobUpdate finished
[22:41:48] getJobUpdate start
[22:41:48] getJobUpdate finished
[22:41:48] getJobUpdate start
[22:41:49] getJobUpdate finished
[22:41:49] getJobUpdate start
[22:41:49] getJobUpdate finished
[22:41:49] getJobUpdate start
[22:41:49] getJobUpdate finished
[22:41:50] getJobUpdate start
[22:41:50] getJobUpdate finished
[22:41:50] getJobUpdate start
[22:41:50] getJobUpdate finished
[22:41:51] getJobUpdate start
[22:41:51] getJobUpdate finished
[22:41:51] getJobUpdate start
[22:41:51] getJobUpdate finished
[22:41:51] getJobUpdate start
[22:41:52] getJobUpdate finished
[22:41:52] getJobUpdate start
[22:41:52] getJobUpdate finished
[22:41:52] getJobUpdate start
[22:41:52] getJobUpdate finished
[22:41:53] getJobUpdate start
[22:41:53] getJobUpdate finished
[22:41:53] getJobUpdate start
[22:41:53] getJobUpdate finished
[22:41:54] getJobUpdate start
[22:41:54] getJobUpdate finished
[22:41:54] getJobUpdate start
[22:41:54] getJobUpdate finished
[22:41:54] getJobUpdate start
[22:41:54] getJobUpdate finished
[22:41:55] getJobUpdate start
[22:41:55] getJobUpdate finished
[22:41:55] getJobUpdate start
[22:41:55] getJobUpdate finished
[22:41:56] getJobUpdate start
[22:41:56] getJobUpdate finished
[22:41:56] getJobUpdate start
[22:41:56] getJobUpdate finished
[22:41:57] getJobUpdate start
[22:41:57] getJobUpdate finished
[22:41:57] getJobUpdate start
[22:41:57] getJobUpdate finished
[22:41:57] getJobUpdate start
[22:41:57] getJobUpdate finished
[22:41:58] getJobUpdate start
[22:41:58] getJobUpdate finished
[22:41:58] getJobUpdate start
[22:41:58] getJobUpdate finished
[22:41:59] getJobUpdate start
[22:41:59] getJobUpdate finished
[22:41:59] getJobUpdate start
[22:41:59] getJobUpdate finished
[22:41:59] getJobUpdate start
[22:41:59] getJobUpdate finished
[22:42:00] getJobUpdate start
[22:42:00] getJobUpdate finished
[22:42:00] getJobUpdate start
[22:42:00] getJobUpdate finished
[22:42:01] getJobUpdate start
[22:42:01] getJobUpdate finished
[22:42:01] getJobUpdate start
[22:42:01] getJobUpdate finished
[22:42:02] getJobUpdate start
[22:42:02] getJobUpdate finished
[22:42:02] getJobUpdate start
[22:42:02] getJobUpdate finished
[22:42:02] getJobUpdate start
[22:42:02] getJobUpdate finished
[22:42:03] getJobUpdate start
[22:42:03] getJobUpdate finished
[22:42:03] getJobUpdate start
[22:42:03] getJobUpdate finished
[22:42:04] getJobUpdate start
[22:42:04] getJobUpdate finished
[22:42:04] getJobUpdate start
[22:42:04] getJobUpdate finished
[22:42:05] getJobUpdate start
[22:42:05] getJobUpdate finished
[22:42:05] getJobUpdate start
[22:42:05] getJobUpdate finished
[22:42:05] getJobUpdate start
[22:42:05] getJobUpdate finished
[22:42:06] getJobUpdate start
[22:42:06] getJobUpdate finished
[22:42:06] getJobUpdate start
[22:42:06] getJobUpdate finished
[22:42:07] getJobUpdate start
[22:42:07] getJobUpdate finished
[22:42:07] getJobUpdate start
[22:42:07] getJobUpdate finished
[22:42:08] getJobUpdate start
[22:42:08] getJobUpdate finished
[22:42:08] getJobUpdate start
[22:42:08] getJobUpdate finished
[22:42:08] getJobUpdate start
[22:42:08] getJobUpdate finished
[22:42:09] getJobUpdate start
[22:42:09] getJobUpdate finished
[22:42:09] getJobUpdate start
[22:42:09] getJobUpdate finished
[22:42:10] getJobUpdate start
[22:42:10] getJobUpdate finished
[22:42:10] getJobUpdate start
[22:42:10] getJobUpdate finished
[22:42:10] getJobUpdate start
[22:42:11] getJobUpdate finished
[22:42:11] getJobUpdate start
[22:42:11] getJobUpdate finished
[22:42:11] getJobUpdate start
[22:42:11] getJobUpdate finished
[22:42:12] getJobUpdate start
[22:42:12] getJobUpdate finished
[22:42:12] getJobUpdate start
[22:42:12] getJobUpdate finished
[22:42:13] getJobUpdate start
[22:42:13] getJobUpdate finished
[22:42:13] getJobUpdate start
[22:42:13] getJobUpdate finished
[22:42:13] getJobUpdate start
[22:42:13] getJobUpdate finished
[22:42:14] getJobUpdate start
[22:42:14] getJobUpdate finished
[22:42:14] getJobUpdate start
[22:42:14] getJobUpdate finished
[22:42:15] getJobUpdate start
[22:42:15] getJobUpdate finished
[22:42:15] getJobUpdate start
[22:42:15] getJobUpdate finished
[22:42:16] getJobUpdate start
[22:42:16] getJobUpdate finished
[22:42:16] getJobUpdate start
[22:42:16] getJobUpdate finished
[22:42:16] getJobUpdate start
[22:42:16] getJobUpdate finished
[22:42:17] getJobUpdate start
[22:42:17] getJobUpdate finished
[22:42:17] getJobUpdate start
[22:42:17] getJobUpdate finished
[22:42:18] getJobUpdate start
[22:42:18] getJobUpdate finished
[22:42:18] getJobUpdate start
[22:42:18] getJobUpdate finished
[22:42:19] getJobUpdate start
[22:42:19] getJobUpdate finished
[22:42:19] getJobUpdate start
[22:42:19] getJobUpdate finished
[22:42:19] getJobUpdate start
[22:42:19] getJobUpdate finished
[22:42:20] getJobUpdate start
[22:42:20] getJobUpdate finished
[22:42:20] getJobUpdate start
[22:42:20] getJobUpdate finished
[22:42:21] getJobUpdate start
[22:42:21] getJobUpdate finished
[22:42:21] getJobUpdate start
[22:42:21] getJobUpdate finished
[22:42:21] getJobUpdate start
[22:42:22] getJobUpdate finished
[22:42:22] getJobUpdate start
[22:42:22] getJobUpdate finished
[22:42:22] getJobUpdate start
[22:42:22] getJobUpdate finished
[22:42:23] getJobUpdate start
[22:42:23] getJobUpdate finished
[22:42:23] getJobUpdate start
[22:42:23] getJobUpdate finished
[22:42:24] getJobUpdate start
[22:42:24] getJobUpdate finished
[22:42:24] getJobUpdate start
[22:42:24] getJobUpdate finished
[22:42:24] getJobUpdate start
[22:42:24] getJobUpdate finished
[22:42:25] getJobUpdate start
[22:42:25] getJobUpdate finished
[22:42:25] getJobUpdate start
[22:42:25] getJobUpdate finished
[22:42:26] getJobUpdate start
[22:42:26] getJobUpdate finished
[22:42:26] getJobUpdate start
[22:42:26] getJobUpdate finished
[22:42:27] getJobUpdate start
[22:42:27] getJobUpdate finished
[22:42:27] getJobUpdate start
[22:42:27] getJobUpdate finished
[22:42:27] getJobUpdate start
[22:42:27] getJobUpdate finished
[22:42:28] getJobUpdate start
[22:42:28] getJobUpdate finished
[22:42:28] getJobUpdate start
[22:42:28] getJobUpdate finished
[22:42:29] getJobUpdate start
[22:42:29] getJobUpdate finished
[22:42:29] getJobUpdate start
[22:42:29] getJobUpdate finished
[22:42:29] getJobUpdate start
[22:42:29] getJobUpdate finished
[22:42:30] getJobUpdate start
[22:42:30] getJobUpdate finished
[22:42:30] getJobUpdate start
[22:42:30] getJobUpdate finished
[22:42:31] getJobUpdate start
[22:42:31] getJobUpdate finished
[22:42:31] getJobUpdate start
[22:42:31] getJobUpdate finished
[22:42:31] getJobUpdate start
[22:42:31] getJobUpdate finished
[22:42:32] getJobUpdate start
[22:42:32] getJobUpdate finished
[22:42:32] getJobUpdate start
[22:42:32] getJobUpdate finished
[22:42:33] getJobUpdate start
[22:42:33] getJobUpdate finished
[22:42:33] getJobUpdate start
[22:42:33] getJobUpdate finished
[22:42:33] getJobUpdate start
[22:42:34] getJobUpdate finished
[22:42:34] getJobUpdate start
[22:42:34] getJobUpdate finished
[22:42:34] getJobUpdate start
[22:42:34] getJobUpdate finished
[22:42:35] getJobUpdate start
[22:42:35] getJobUpdate finished
[22:42:35] getJobUpdate start
[22:42:35] getJobUpdate finished
[22:42:35] getJobUpdate start
[22:42:36] getJobUpdate finished
[22:42:36] getJobUpdate start
[22:42:36] getJobUpdate finished
[22:42:36] getJobUpdate start
[22:42:36] getJobUpdate finished
[22:42:37] getJobUpdate start
[22:42:37] getJobUpdate finished
[22:42:37] getJobUpdate start
[22:42:37] getJobUpdate finished
[22:42:38] getJobUpdate start
[22:42:38] getJobUpdate finished
[22:42:38] getJobUpdate start
[22:42:38] getJobUpdate finished
[22:42:38] getJobUpdate start
[22:42:38] getJobUpdate finished
[22:42:39] getJobUpdate start
[22:42:39] getJobUpdate finished
[22:42:39] getJobUpdate start
[22:42:39] getJobUpdate finished
[22:42:40] getJobUpdate start
[22:42:40] getJobUpdate finished
[22:42:40] getJobUpdate start
[22:42:40] getJobUpdate finished
[22:42:40] getJobUpdate start
[22:42:41] getJobUpdate finished
[22:42:41] getJobUpdate start
[22:42:41] getJobUpdate finished
[22:42:41] getJobUpdate start
[22:42:41] getJobUpdate finished
[22:42:42] getJobUpdate start
[22:42:42] getJobUpdate finished
[22:42:42] getJobUpdate start
[22:42:42] getJobUpdate finished
[22:42:43] getJobUpdate start
[22:42:43] getJobUpdate finished
[22:42:43] getJobUpdate start
[22:42:43] getJobUpdate finished
[22:42:43] getJobUpdate start
[22:42:43] getJobUpdate finished
[22:42:44] getJobUpdate start
[22:42:44] getJobUpdate finished
[22:42:44] getJobUpdate start
[22:42:44] getJobUpdate finished
[22:42:45] getJobUpdate start
[22:42:45] getJobUpdate finished
[22:42:45] getJobUpdate start
[22:42:45] getJobUpdate finished
[22:42:45] getJobUpdate start
[22:42:46] getJobUpdate finished
[22:42:46] getJobUpdate start
[22:42:46] getJobUpdate finished
[22:42:46] getJobUpdate start
[22:42:46] getJobUpdate finished
[22:42:47] getJobUpdate start
[22:42:47] getJobUpdate finished
[22:42:47] getJobUpdate start
[22:42:47] getJobUpdate finished
[22:42:48] getJobUpdate start
[22:42:48] getJobUpdate finished
[22:42:48] getJobUpdate start
[22:42:48] getJobUpdate finished
[22:42:48] getJobUpdate start
[22:42:48] getJobUpdate finished
[22:42:49] getJobUpdate start
[22:42:49] getJobUpdate finished
[22:42:49] getJobUpdate start
[22:42:49] getJobUpdate finished
[22:42:50] getJobUpdate start
[22:42:50] getJobUpdate finished
[22:42:50] getJobUpdate start
[22:42:50] getJobUpdate finished
[22:42:51] NewRectTube/Design 1_3/Scenario 1 solver finished at Sat 1. Dec 22:42:51 2018 on DESKTOP-7GSFCRT with code = 0
[22:42:51] Analysis::importSolverFiles = 0.009 sec
