Model successfully read and processed
Meshing constraints read successfully.
(0) Surface Meshing started
(1) Small Feature Detection started
25% completed
50% completed
75% completed
(2) Detect Close Edges started
25% completed
50% completed
75% completed
100% completed
(2) Detect Close Edges finished: CPU time: 0.140625 s, clock time: 0.138 s
100% completed
(1) Small Feature Detection finished: CPU time: 0.140625 s, clock time: 0.142 s
(1) Structured Meshing started
Number of 3D Boundary Layers identified: 9
(1) Structured Meshing finished: CPU time: 0 s, clock time: 0.001 s
(1) Structured Meshing started
Lateral meshing
(1) Structured Meshing finished: CPU time: 0 s, clock time: 0 s
(1) Face Meshing started
(1) Face Meshing 1/22
tag = 1, type = Plane -> CFdesign ID = 1
(1) Face Meshing 2/22
tag = 2, type = Plane -> CFdesign ID = 2
(1) Face Meshing 3/22
tag = 3, type = Unknown -> CFdesign ID = 3
(1) Face Meshing 4/22
tag = 4, type = Plane -> CFdesign ID = 4
(1) Face Meshing 5/22
tag = 5, type = Plane -> CFdesign ID = 5
(1) Face Meshing 6/22
tag = 6, type = Plane -> CFdesign ID = 6
(1) Face Meshing 7/22
tag = 7, type = Unknown -> CFdesign ID = 7
(1) Face Meshing 8/22
tag = 8, type = Plane -> CFdesign ID = 8
(1) Face Meshing 9/22
tag = 9, type = Plane -> CFdesign ID = 9
(1) Face Meshing 10/22
tag = 10, type = Plane -> CFdesign ID = 10
(1) Face Meshing 11/22
tag = 11, type = Unknown -> CFdesign ID = 11
(1) Face Meshing 12/22
tag = 12, type = Plane -> CFdesign ID = 12
(1) Face Meshing 13/22
tag = 13, type = Plane -> CFdesign ID = 13
(1) Face Meshing 14/22
tag = 14, type = Unknown -> CFdesign ID = 14
(1) Face Meshing 15/22
tag = 15, type = Plane -> CFdesign ID = 15
(1) Face Meshing 16/22
tag = 16, type = Plane -> CFdesign ID = 16
(1) Face Meshing 17/22
tag = 17, type = Plane -> CFdesign ID = 17
(1) Face Meshing 18/22
tag = 18, type = Plane -> CFdesign ID = 18
(1) Face Meshing 19/22
tag = 19, type = Unknown -> CFdesign ID = 19
(1) Face Meshing 20/22
tag = 20, type = Plane -> CFdesign ID = 20
(1) Face Meshing 21/22
tag = 21, type = Plane -> CFdesign ID = 21
(1) Face Meshing 22/22
tag = 22, type = Plane -> CFdesign ID = 22
(1) Face Meshing finished: CPU time: 0.25 s, clock time: 0.247 s
(1) Structured Meshing started
(1) Structured Meshing finished: CPU time: 0 s, clock time: 0 s
(1) Surface Mesh Improver started
(2) Surface Mesh Improvement started
25% completed
(2) Surface Mesh Improvement finished: CPU time: 0.015625 s, clock time: 0.004 s
(2) Surface Smoothing started
25% completed
50% completed
75% completed
(2) Surface Smoothing finished: CPU time: 0.015625 s, clock time: 0.022 s
(2) Fix Surface Intersections started
(2) Fix Surface Intersections finished: CPU time: 0.03125 s, clock time: 0.046 s
(1) Surface Mesh Improver finished: CPU time: 0.0625 s, clock time: 0.073 s
(0) Surface Meshing finished: CPU time: 0.453125 s, clock time: 0.474 s
  Nodal Aspect Ratio Summary
Surface 1: 5.38423
Surface 2: 5.94009
Surface 3: 2.14857
Surface 4: 6.30713
Surface 5: 6.30713
Surface 6: 5.80201
Surface 7: 3.36296
Surface 8: 3.36296
Surface 9: 2.25421
Surface 10: 3.90722
Surface 11: 2.23199
Surface 12: 4.93964
Surface 13: 4.95069
Surface 14: 2.72455
Surface 15: 4.9507
Surface 16: 3.36296
Surface 17: 2.29866
Surface 18: 3.99065
Surface 19: 2.15329
Surface 20: 3.36296
Surface 21: 6.30713
Surface 22: 2.15329
Maximum nodal aspect ratio: 6.30713
(0) Volume Meshing started
(1) Structured Meshing started
Number of 3D Boundary Layers identified: 9
Number of BL regions estimated = 4605
Boundary Layer meshing
Finding growth curves...
Checking boundary growth curves...
Checking intersecting layers...
Edge triangulation
Face triangulation
(2) Adapting Mesh started
Iteration 1: Normalized edge length range: 1.92849 .. 0.224449
Final normalized edge length range: 1.43075 .. 0.224449
(2) Adapting Mesh finished: CPU time: 0.015625 s, clock time: 0.006 s
(2) Fix Surface Intersections started
(2) Fix Surface Intersections finished: CPU time: 0.03125 s, clock time: 0.043 s
Region triangulation
Number of BL regions created = 4605
(1) Structured Meshing finished: CPU time: 0.203125 s, clock time: 0.196 s
(1) Creating volume mesh started
(1) Creating volume mesh finished: CPU time: 0.484375 s, clock time: 0.487 s
(1) Adapting Mesh started
Iteration 1: Normalized edge length range: 3.11334 .. 0.220883
Iteration 2: Normalized edge length range: 2.32408 .. 0.220883
Iteration 3: Normalized edge length range: 1.74297 .. 0.220883
Final normalized edge length range: 1.44918 .. 0.220883
(1) Adapting Mesh finished: CPU time: 0.140625 s, clock time: 0.146 s
(1) Volume Mesh Improver started
(2) Volume Optimization started
(2) Volume Optimization finished: CPU time: 0.078125 s, clock time: 0.074 s
(2) Volume Smoothing started
25% completed
50% completed
75% completed
(2) Volume Smoothing finished: CPU time: 0.09375 s, clock time: 0.092 s
(1) Volume Mesh Improver finished: CPU time: 0.171875 s, clock time: 0.171 s
(0) Volume Meshing finished: CPU time: 1 s, clock time: 1.002 s
Volume meshing peak memory usage is 66.4945 MBytes.
Mesh Statistics
Node count: 5302
Element count: 18521
Minimum element volume: 0.000232564
Maximum element volume: 11.5981
Total model volume: 1861.47
  Nodal Aspect Ratio Summary
Surface 1: 5.58652
Surface 2: 5.03958
Surface 3: 4.37666
Surface 4: 105.417
Surface 5: 94.5011
Surface 6: 104.539
Surface 7: 91.1611
Surface 8: 52.1543
Surface 9: 3.12456
Surface 10: 4.67079
Surface 11: 5.58652
Surface 12: 5.06496
Surface 13: 120.22
Surface 14: 122.388
Surface 15: 122.388
Surface 16: 57.534
Surface 17: 22.1287
Surface 18: 51.2155
Surface 19: 22.1287
Surface 20: 57.534
Surface 21: 94.5011
Surface 22: 22.1287
Maximum nodal aspect ratio: 122.388
Meshing concluded.
setUpwardAdjacencies = 0.07 sec
interpolateExtrudedFaces = 0.00 sec
interpolatePeriodicFaces = 0.00 sec
addPeripheralFaces = 0.00 sec
replicateMovingRegions = 0.00 sec
splitFluidSolidInterfaces = 0.00 sec
removeUnreferencedVertices = 0.00 sec
Time to write model = 0.01 sec
Time to write mesh = 0.02 sec
Time to write GBI = 0.14 sec
Time to free model entity memory = 0.00 sec
Time to delete database = 0.01 sec
