Model successfully read and processed
Meshing constraints read successfully.
(0) Surface Meshing started
(1) Small Feature Detection started
25% completed
50% completed
75% completed
(2) Detect Close Edges started
25% completed
50% completed
75% completed
100% completed
(2) Detect Close Edges finished: CPU time: 0.09375 s, clock time: 0.101 s
100% completed
(1) Small Feature Detection finished: CPU time: 0.09375 s, clock time: 0.103 s
(1) Structured Meshing started
Number of 3D Boundary Layers identified: 9
(1) Structured Meshing finished: CPU time: 0 s, clock time: 0 s
(1) Structured Meshing started
Lateral meshing
(1) Structured Meshing finished: CPU time: 0 s, clock time: 0.001 s
(1) Face Meshing started
(1) Face Meshing 1/22
tag = 1, type = Plane -> CFdesign ID = 1
(1) Face Meshing 2/22
tag = 2, type = Plane -> CFdesign ID = 2
(1) Face Meshing 3/22
tag = 3, type = Unknown -> CFdesign ID = 3
(1) Face Meshing 4/22
tag = 4, type = Plane -> CFdesign ID = 4
(1) Face Meshing 5/22
tag = 5, type = Plane -> CFdesign ID = 5
(1) Face Meshing 6/22
tag = 6, type = Plane -> CFdesign ID = 6
(1) Face Meshing 7/22
tag = 7, type = Unknown -> CFdesign ID = 7
(1) Face Meshing 8/22
tag = 8, type = Plane -> CFdesign ID = 8
(1) Face Meshing 9/22
tag = 9, type = Plane -> CFdesign ID = 9
(1) Face Meshing 10/22
tag = 10, type = Plane -> CFdesign ID = 10
(1) Face Meshing 11/22
tag = 11, type = Unknown -> CFdesign ID = 11
(1) Face Meshing 12/22
tag = 12, type = Plane -> CFdesign ID = 12
(1) Face Meshing 13/22
tag = 13, type = Plane -> CFdesign ID = 13
(1) Face Meshing 14/22
tag = 14, type = Unknown -> CFdesign ID = 14
(1) Face Meshing 15/22
tag = 15, type = Plane -> CFdesign ID = 15
(1) Face Meshing 16/22
tag = 16, type = Plane -> CFdesign ID = 16
(1) Face Meshing 17/22
tag = 17, type = Plane -> CFdesign ID = 17
(1) Face Meshing 18/22
tag = 18, type = Plane -> CFdesign ID = 18
(1) Face Meshing 19/22
tag = 19, type = Unknown -> CFdesign ID = 19
(1) Face Meshing 20/22
tag = 20, type = Plane -> CFdesign ID = 20
(1) Face Meshing 21/22
tag = 21, type = Plane -> CFdesign ID = 21
(1) Face Meshing 22/22
tag = 22, type = Plane -> CFdesign ID = 22
(1) Face Meshing finished: CPU time: 0.171875 s, clock time: 0.173 s
(1) Structured Meshing started
(1) Structured Meshing finished: CPU time: 0 s, clock time: 0 s
(1) Surface Mesh Improver started
(2) Surface Mesh Improvement started
25% completed
(2) Surface Mesh Improvement finished: CPU time: 0 s, clock time: 0.004 s
(2) Surface Smoothing started
25% completed
50% completed
75% completed
(2) Surface Smoothing finished: CPU time: 0.015625 s, clock time: 0.017 s
(2) Fix Surface Intersections started
(2) Fix Surface Intersections finished: CPU time: 0.03125 s, clock time: 0.03 s
(1) Surface Mesh Improver finished: CPU time: 0.046875 s, clock time: 0.051 s
(0) Surface Meshing finished: CPU time: 0.34375 s, clock time: 0.335 s
  Nodal Aspect Ratio Summary
Surface 1: 6.3563
Surface 2: 6.25643
Surface 3: 2.68931
Surface 4: 5.45391
Surface 5: 6.3563
Surface 6: 6.20267
Surface 7: 2.92222
Surface 8: 2.67682
Surface 9: 2.59872
Surface 10: 4.93964
Surface 11: 2.62833
Surface 12: 4.55826
Surface 13: 3.87398
Surface 14: 2.56609
Surface 15: 6.08222
Surface 16: 2.67682
Surface 17: 2.64104
Surface 18: 2.56147
Surface 19: 2.64104
Surface 20: 2.04077
Surface 21: 2.67682
Surface 22: 6.3563
Maximum nodal aspect ratio: 6.3563
(0) Volume Meshing started
(1) Structured Meshing started
Number of 3D Boundary Layers identified: 9
Number of BL regions estimated = 4131
Boundary Layer meshing
Finding growth curves...
Checking boundary growth curves...
Checking intersecting layers...
Edge triangulation
Face triangulation
(2) Adapting Mesh started
Iteration 1: Normalized edge length range: 2.53209 .. 0.224732
Iteration 2: Normalized edge length range: 1.87938 .. 0.224732
Final normalized edge length range: 1.44414 .. 0.224732
(2) Adapting Mesh finished: CPU time: 0.015625 s, clock time: 0.005 s
(2) Fix Surface Intersections started
(2) Fix Surface Intersections finished: CPU time: 0.03125 s, clock time: 0.032 s
Region triangulation
Number of BL regions created = 4131
(1) Structured Meshing finished: CPU time: 0.140625 s, clock time: 0.142 s
(1) Creating volume mesh started
(1) Creating volume mesh finished: CPU time: 0.34375 s, clock time: 0.341 s
(1) Adapting Mesh started
Iteration 1: Normalized edge length range: 2.7176 .. 0.221594
Iteration 2: Normalized edge length range: 2.03602 .. 0.221594
Iteration 3: Normalized edge length range: 1.52607 .. 0.221594
Final normalized edge length range: 1.44955 .. 0.221594
(1) Adapting Mesh finished: CPU time: 0.109375 s, clock time: 0.12 s
(1) Volume Mesh Improver started
(2) Volume Optimization started
(2) Volume Optimization finished: CPU time: 0.078125 s, clock time: 0.068 s
(2) Volume Smoothing started
25% completed
50% completed
75% completed
(2) Volume Smoothing finished: CPU time: 0.078125 s, clock time: 0.073 s
(1) Volume Mesh Improver finished: CPU time: 0.15625 s, clock time: 0.146 s
(0) Volume Meshing finished: CPU time: 0.765625 s, clock time: 0.753 s
Volume meshing peak memory usage is 65.1592 MBytes.
Mesh Statistics
Node count: 4762
Element count: 16464
Minimum element volume: 0.000666465
Maximum element volume: 10.6167
Total model volume: 1861.2
  Nodal Aspect Ratio Summary
Surface 1: 57.6188
Surface 2: 54.4133
Surface 3: 54.8863
Surface 4: 5.62634
Surface 5: 52.3283
Surface 6: 6.28242
Surface 7: 4.22481
Surface 8: 27.821
Surface 9: 2.94244
Surface 10: 65.2882
Surface 11: 65.2882
Surface 12: 62.018
Surface 13: 4.98583
Surface 14: 5.53553
Surface 15: 5.54488
Surface 16: 31.8818
Surface 17: 35.3676
Surface 18: 14.3801
Surface 19: 19.8233
Surface 20: 14.3801
Surface 21: 31.8818
Surface 22: 52.3606
Maximum nodal aspect ratio: 65.2882
Meshing concluded.
setUpwardAdjacencies = 0.03 sec
interpolateExtrudedFaces = 0.00 sec
interpolatePeriodicFaces = 0.00 sec
addPeripheralFaces = 0.00 sec
replicateMovingRegions = 0.00 sec
splitFluidSolidInterfaces = 0.00 sec
removeUnreferencedVertices = 0.00 sec
Time to write model = 0.01 sec
Time to write mesh = 0.01 sec
Time to write GBI = 0.09 sec
Time to free model entity memory = 0.00 sec
Time to delete database = 0.01 sec
